<?xml version="1.0" encoding="UTF-8"?>
<!-- Generated by org.testng.reporters.JUnitReportReporter -->
<testsuite skipped="0" hostname="9b0270ec46c0" name="com.SpringSeven.qa.testcases.initialPageTest" tests="2" failures="0" timestamp="10 Mar 2019 22:51:00 GMT" time="59.716" errors="0">
  <testcase name="validateLoginLinkOnLogin" time="29.562" classname="com.SpringSeven.qa.testcases.initialPageTest"/>
  <testcase name="validateCorrectPageForLogin" time="30.154" classname="com.SpringSeven.qa.testcases.initialPageTest"/>
</testsuite> <!-- com.SpringSeven.qa.testcases.initialPageTest -->
