<?xml version="1.0" encoding="UTF-8"?>
<!-- Generated by org.testng.reporters.JUnitReportReporter -->
<testsuite skipped="0" hostname="jarcibal-VirtualBox" name="com.SpringSeven.qa.testcases.loginPageTest" tests="10" failures="0" timestamp="20 May 2019 01:27:55 GMT" time="145.694" errors="0">
  <testcase name="validateFailedLoginWorks" time="18.808" classname="com.SpringSeven.qa.testcases.loginPageTest"/>
  <testcase name="validateLoginErrorMessageBlankPasswordThree" time="12.379" classname="com.SpringSeven.qa.testcases.loginPageTest"/>
  <testcase name="validateFailedLoginIncorrectPWOne" time="17.266" classname="com.SpringSeven.qa.testcases.loginPageTest"/>
  <testcase name="validateLoginErrorMessageBlankUsernameOne" time="11.671" classname="com.SpringSeven.qa.testcases.loginPageTest"/>
  <testcase name="validateLoginWorksOne" time="15.993" classname="com.SpringSeven.qa.testcases.loginPageTest"/>
  <testcase name="validateFailedLoginIncorrectUN" time="13.401" classname="com.SpringSeven.qa.testcases.loginPageTest"/>
  <testcase name="validateLoginErrorMessageBlankPasswordOne" time="18.592" classname="com.SpringSeven.qa.testcases.loginPageTest"/>
  <testcase name="validateLoginPageTitle" time="11.279" classname="com.SpringSeven.qa.testcases.loginPageTest"/>
  <testcase name="validateLoginWorksTwo" time="14.394" classname="com.SpringSeven.qa.testcases.loginPageTest"/>
  <testcase name="validateLoginErrorMessageBlankPasswordTwo" time="11.911" classname="com.SpringSeven.qa.testcases.loginPageTest"/>
</testsuite> <!-- com.SpringSeven.qa.testcases.loginPageTest -->
