<?xml version="1.0" encoding="UTF-8"?>
<!-- Generated by org.testng.reporters.JUnitReportReporter -->
<testsuite skipped="0" hostname="jarcibal-VirtualBox" name="com.SpringSeven.qa.testcases.forgotPasswordPageTest" tests="4" failures="0" timestamp="03 May 2019 05:40:09 GMT" time="77.739" errors="0">
  <testcase name="validateFpwPageTitle" time="19.705" classname="com.SpringSeven.qa.testcases.forgotPasswordPageTest"/>
  <testcase name="validateNonExistingEmail" time="19.411" classname="com.SpringSeven.qa.testcases.forgotPasswordPageTest"/>
  <testcase name="validateNoEmail" time="18.191" classname="com.SpringSeven.qa.testcases.forgotPasswordPageTest"/>
  <testcase name="validateIncorrectFormat" time="20.432" classname="com.SpringSeven.qa.testcases.forgotPasswordPageTest"/>
</testsuite> <!-- com.SpringSeven.qa.testcases.forgotPasswordPageTest -->
