<?xml version="1.0" encoding="UTF-8"?>
<!-- Generated by org.testng.reporters.JUnitReportReporter -->
<testsuite skipped="10" hostname="jarcibal-VirtualBox" name="com.SpringSeven.qa.testcases.loginPageTest" tests="11" failures="0" timestamp="30 May 2019 03:53:40 GMT" time="9.662" errors="1">
  <testcase name="validateLoginErrorMessageBlankPasswordTwo" time="0.000" classname="com.SpringSeven.qa.testcases.loginPageTest">
    <skipped/>
  </testcase> <!-- validateLoginErrorMessageBlankPasswordTwo -->
  <testcase name="validateLoginWorksTwo" time="0.000" classname="com.SpringSeven.qa.testcases.loginPageTest">
    <skipped/>
  </testcase> <!-- validateLoginWorksTwo -->
  <testcase name="setUp" time="9.657" classname="com.SpringSeven.qa.testcases.loginPageTest">
    <error type="java.lang.NullPointerException">
      <![CDATA[java.lang.NullPointerException
at org.openqa.selenium.support.pagefactory.DefaultElementLocator.findElement(DefaultElementLocator.java:69)
at org.openqa.selenium.support.pagefactory.internal.LocatingElementHandler.invoke(LocatingElementHandler.java:38)
at com.sun.proxy.$Proxy11.click(Unknown Source)
at com.springSeven.qa.pages.initialPage.loginClick(initialPage.java:32)
at com.SpringSeven.qa.testcases.loginPageTest.setUp(loginPageTest.java:40)
at sun.reflect.NativeMethodAccessorImpl.invoke0(Native Method)
at sun.reflect.NativeMethodAccessorImpl.invoke(NativeMethodAccessorImpl.java:62)
at sun.reflect.DelegatingMethodAccessorImpl.invoke(DelegatingMethodAccessorImpl.java:43)
at java.lang.reflect.Method.invoke(Method.java:498)
at org.testng.internal.MethodInvocationHelper.invokeMethod(MethodInvocationHelper.java:124)
at org.testng.internal.MethodInvocationHelper.invokeMethodConsideringTimeout(MethodInvocationHelper.java:59)
at org.testng.internal.Invoker.invokeConfigurationMethod(Invoker.java:458)
at org.testng.internal.Invoker.invokeConfigurations(Invoker.java:222)
at org.testng.internal.Invoker.invokeMethod(Invoker.java:523)
at org.testng.internal.Invoker.invokeTestMethod(Invoker.java:719)
at org.testng.internal.Invoker.invokeTestMethods(Invoker.java:989)
at org.testng.internal.TestMethodWorker.invokeTestMethods(TestMethodWorker.java:125)
at org.testng.internal.TestMethodWorker.run(TestMethodWorker.java:109)
at org.testng.TestRunner.privateRun(TestRunner.java:648)
at org.testng.TestRunner.run(TestRunner.java:505)
at org.testng.SuiteRunner.runTest(SuiteRunner.java:455)
at org.testng.SuiteRunner.runSequentially(SuiteRunner.java:450)
at org.testng.SuiteRunner.privateRun(SuiteRunner.java:415)
at org.testng.SuiteRunner.run(SuiteRunner.java:364)
at org.testng.SuiteRunnerWorker.runSuite(SuiteRunnerWorker.java:52)
at org.testng.SuiteRunnerWorker.run(SuiteRunnerWorker.java:84)
at org.testng.TestNG.runSuitesSequentially(TestNG.java:1208)
at org.testng.TestNG.runSuitesLocally(TestNG.java:1137)
at org.testng.TestNG.runSuites(TestNG.java:1049)
at org.testng.TestNG.run(TestNG.java:1017)
at org.testng.remote.AbstractRemoteTestNG.run(AbstractRemoteTestNG.java:115)
at org.testng.remote.RemoteTestNG.initAndRun(RemoteTestNG.java:251)
at org.testng.remote.RemoteTestNG.main(RemoteTestNG.java:77)
]]>
    </error>
  </testcase> <!-- setUp -->
  <testcase name="validateLoginErrorMessageBlankPasswordThree" time="0.000" classname="com.SpringSeven.qa.testcases.loginPageTest">
    <skipped/>
  </testcase> <!-- validateLoginErrorMessageBlankPasswordThree -->
  <testcase name="validateLoginPageTitle" time="0.000" classname="com.SpringSeven.qa.testcases.loginPageTest">
    <skipped/>
  </testcase> <!-- validateLoginPageTitle -->
  <testcase name="validateFailedLoginIncorrectPWOne" time="0.005" classname="com.SpringSeven.qa.testcases.loginPageTest">
    <skipped/>
  </testcase> <!-- validateFailedLoginIncorrectPWOne -->
  <testcase name="validateLoginWorksOne" time="0.000" classname="com.SpringSeven.qa.testcases.loginPageTest">
    <skipped/>
  </testcase> <!-- validateLoginWorksOne -->
  <testcase name="validateFailedLoginWorks" time="0.000" classname="com.SpringSeven.qa.testcases.loginPageTest">
    <skipped/>
  </testcase> <!-- validateFailedLoginWorks -->
  <testcase name="validateLoginErrorMessageBlankPasswordOne" time="0.000" classname="com.SpringSeven.qa.testcases.loginPageTest">
    <skipped/>
  </testcase> <!-- validateLoginErrorMessageBlankPasswordOne -->
  <testcase name="validateFailedLoginIncorrectUN" time="0.000" classname="com.SpringSeven.qa.testcases.loginPageTest">
    <skipped/>
  </testcase> <!-- validateFailedLoginIncorrectUN -->
  <testcase name="validateLoginErrorMessageBlankUsernameOne" time="0.000" classname="com.SpringSeven.qa.testcases.loginPageTest">
    <skipped/>
  </testcase> <!-- validateLoginErrorMessageBlankUsernameOne -->
</testsuite> <!-- com.SpringSeven.qa.testcases.loginPageTest -->
