<?xml version="1.0" encoding="UTF-8"?>
<!-- Generated by org.testng.reporters.JUnitReportReporter -->
<testsuite skipped="0" hostname="jarcibal-VirtualBox" name="com.SpringSeven.qa.testcases.profilePageTest" tests="6" failures="0" timestamp="06 May 2019 00:32:54 GMT" time="164.989" errors="0">
  <testcase name="validateReferralExistingEmail" time="24.819" classname="com.SpringSeven.qa.testcases.profilePageTest"/>
  <testcase name="validateReferralLinkDuplicateEmail" time="25.115" classname="com.SpringSeven.qa.testcases.profilePageTest"/>
  <testcase name="validateReferralLinkElevenEmail" time="40.264" classname="com.SpringSeven.qa.testcases.profilePageTest"/>
  <testcase name="validateReferralOwnEmail" time="25.784" classname="com.SpringSeven.qa.testcases.profilePageTest"/>
  <testcase name="validateProfilePageTitle" time="25.821" classname="com.SpringSeven.qa.testcases.profilePageTest"/>
  <testcase name="validateReferralLinkIncorrectFormat" time="23.186" classname="com.SpringSeven.qa.testcases.profilePageTest"/>
</testsuite> <!-- com.SpringSeven.qa.testcases.profilePageTest -->
