<?xml version="1.0" encoding="UTF-8"?>
<!-- Generated by org.testng.reporters.JUnitReportReporter -->
<testsuite skipped="0" hostname="jarcibal-VirtualBox" name="com.SpringSeven.qa.testcases.editProfilePageTest" tests="1" failures="0" timestamp="09 Jun 2019 23:57:43 GMT" time="38.826" errors="0">
  <testcase name="validateEditProfilePageTitle" time="38.826" classname="com.SpringSeven.qa.testcases.editProfilePageTest"/>
</testsuite> <!-- com.SpringSeven.qa.testcases.editProfilePageTest -->
