<?xml version="1.0" encoding="UTF-8"?>
<!-- Generated by org.testng.reporters.JUnitReportReporter -->
<testsuite skipped="0" hostname="DESKTOP-QVCE6JK" name="com.SpringSeven.qa.testcases.forgotPasswordPageTest" tests="4" failures="0" timestamp="18 Feb 2019 01:11:22 GMT" time="34.370" errors="0">
  <testcase name="validateNonExistingEmail" time="10.253" classname="com.SpringSeven.qa.testcases.forgotPasswordPageTest"/>
  <testcase name="validateIncorrectFormat" time="8.128" classname="com.SpringSeven.qa.testcases.forgotPasswordPageTest"/>
  <testcase name="validateNoEmail" time="7.778" classname="com.SpringSeven.qa.testcases.forgotPasswordPageTest"/>
  <testcase name="validateFpwPageTitle" time="8.211" classname="com.SpringSeven.qa.testcases.forgotPasswordPageTest"/>
</testsuite> <!-- com.SpringSeven.qa.testcases.forgotPasswordPageTest -->
