<?xml version="1.0" encoding="UTF-8"?>
<!-- Generated by org.testng.reporters.JUnitReportReporter -->
<testsuite skipped="0" hostname="jarcibal-VirtualBox" name="com.SpringSeven.qa.testcases.productsPageTest" tests="4" failures="0" timestamp="10 Jun 2019 00:06:19 GMT" time="214.199" errors="0">
  <testcase name="validateProductsPageBlankPassword" time="76.050" classname="com.SpringSeven.qa.testcases.productsPageTest"/>
  <testcase name="validateProductsPageTitle" time="36.930" classname="com.SpringSeven.qa.testcases.productsPageTest"/>
  <testcase name="validateProductsPageIncorrectPassword" time="51.579" classname="com.SpringSeven.qa.testcases.productsPageTest"/>
  <testcase name="validateProductsPageCorrectPassword" time="49.640" classname="com.SpringSeven.qa.testcases.productsPageTest"/>
</testsuite> <!-- com.SpringSeven.qa.testcases.productsPageTest -->
