<?xml version="1.0" encoding="UTF-8"?>
<!-- Generated by org.testng.reporters.JUnitReportReporter -->
<testsuite skipped="0" hostname="jarcibal-VirtualBox" name="com.SpringSeven.qa.testcases.changePasswordPageTest" tests="13" failures="0" timestamp="20 May 2019 01:53:01 GMT" time="445.468" errors="0">
  <testcase name="validatePWRankinGood" time="40.688" classname="com.SpringSeven.qa.testcases.changePasswordPageTest"/>
  <testcase name="validatePWRankingBad" time="29.194" classname="com.SpringSeven.qa.testcases.changePasswordPageTest"/>
  <testcase name="validateNoConfirmPW" time="26.467" classname="com.SpringSeven.qa.testcases.changePasswordPageTest"/>
  <testcase name="validateIncorrectNewCurrentPW" time="40.463" classname="com.SpringSeven.qa.testcases.changePasswordPageTest"/>
  <testcase name="validateChangePasswordTitle" time="23.251" classname="com.SpringSeven.qa.testcases.changePasswordPageTest"/>
  <testcase name="validateNoNewPW" time="33.615" classname="com.SpringSeven.qa.testcases.changePasswordPageTest"/>
  <testcase name="validateNoNewPassword" time="41.894" classname="com.SpringSeven.qa.testcases.changePasswordPageTest"/>
  <testcase name="validatePWRankinStrong" time="43.612" classname="com.SpringSeven.qa.testcases.changePasswordPageTest"/>
  <testcase name="validatePWRankingWorst" time="27.876" classname="com.SpringSeven.qa.testcases.changePasswordPageTest"/>
  <testcase name="validateIncorrectCurrentPW" time="48.181" classname="com.SpringSeven.qa.testcases.changePasswordPageTest"/>
  <testcase name="validateNoConfirmPWTwo" time="35.099" classname="com.SpringSeven.qa.testcases.changePasswordPageTest"/>
  <testcase name="validateNoCurrentPW" time="28.697" classname="com.SpringSeven.qa.testcases.changePasswordPageTest"/>
  <testcase name="validateNoNewPWTwo" time="26.431" classname="com.SpringSeven.qa.testcases.changePasswordPageTest"/>
</testsuite> <!-- com.SpringSeven.qa.testcases.changePasswordPageTest -->
