<?xml version="1.0" encoding="UTF-8"?>
<!-- Generated by org.testng.reporters.JUnitReportReporter -->
<testsuite skipped="22" hostname="jarcibal-VirtualBox" name="com.SpringSeven.qa.testcases.registrationPageTest" tests="23" failures="0" timestamp="24 May 2019 03:32:51 GMT" time="101.127" errors="1">
  <testcase name="setUp" time="101.127" classname="com.SpringSeven.qa.testcases.registrationPageTest">
    <error type="org.openqa.selenium.WebDriverException" message="Reached error page: about:neterror?e=netTimeout&amp;u=http%3A//192.168.0.1/&amp;c=UTF-8&amp;f=regular&amp;d=The%20server%20at%20192.168.0.1%20is%20taking%20too%20long%20to%20respond.
Build info: version: &#039;3.141.59&#039;, revision: &#039;e82be7d358&#039;, time: &#039;2018-11-14T08:17:03&#039;
System info: host: &#039;jarcibal-VirtualBox&#039;, ip: &#039;127.0.1.1&#039;, os.name: &#039;Linux&#039;, os.arch: &#039;amd64&#039;, os.version: &#039;4.8.0-36-generic&#039;, java.version: &#039;1.8.0_212&#039;
Driver info: org.openqa.selenium.firefox.FirefoxDriver
Capabilities {acceptInsecureCerts: true, browserName: firefox, browserVersion: 67.0, javascriptEnabled: true, moz:accessibilityChecks: false, moz:buildID: 20190517141553, moz:geckodriverVersion: 0.24.0, moz:headless: false, moz:processID: 8398, moz:profile: /tmp/rust_mozprofile.uqy04x..., moz:shutdownTimeout: 60000, moz:useNonSpecCompliantPointerOrigin: false, moz:webdriverClick: true, pageLoadStrategy: normal, platform: LINUX, platformName: LINUX, platformVersion: 4.8.0-36-generic, rotatable: false, setWindowRect: true, strictFileInteractability: false, timeouts: {implicit: 0, pageLoad: 300000, script: 30000}, unhandledPromptBehavior: dismiss and notify}
Session ID: 0f81019a-bcf2-4116-8aae-c932589bbad1">
      <![CDATA[org.openqa.selenium.WebDriverException: Reached error page: about:neterror?e=netTimeout&u=http%3A//192.168.0.1/&c=UTF-8&f=regular&d=The%20server%20at%20192.168.0.1%20is%20taking%20too%20long%20to%20respond.
Build info: version: '3.141.59', revision: 'e82be7d358', time: '2018-11-14T08:17:03'
System info: host: 'jarcibal-VirtualBox', ip: '127.0.1.1', os.name: 'Linux', os.arch: 'amd64', os.version: '4.8.0-36-generic', java.version: '1.8.0_212'
Driver info: org.openqa.selenium.firefox.FirefoxDriver
Capabilities {acceptInsecureCerts: true, browserName: firefox, browserVersion: 67.0, javascriptEnabled: true, moz:accessibilityChecks: false, moz:buildID: 20190517141553, moz:geckodriverVersion: 0.24.0, moz:headless: false, moz:processID: 8398, moz:profile: /tmp/rust_mozprofile.uqy04x..., moz:shutdownTimeout: 60000, moz:useNonSpecCompliantPointerOrigin: false, moz:webdriverClick: true, pageLoadStrategy: normal, platform: LINUX, platformName: LINUX, platformVersion: 4.8.0-36-generic, rotatable: false, setWindowRect: true, strictFileInteractability: false, timeouts: {implicit: 0, pageLoad: 300000, script: 30000}, unhandledPromptBehavior: dismiss and notify}
Session ID: 0f81019a-bcf2-4116-8aae-c932589bbad1
at sun.reflect.NativeConstructorAccessorImpl.newInstance0(Native Method)
at sun.reflect.NativeConstructorAccessorImpl.newInstance(NativeConstructorAccessorImpl.java:62)
at sun.reflect.DelegatingConstructorAccessorImpl.newInstance(DelegatingConstructorAccessorImpl.java:45)
at java.lang.reflect.Constructor.newInstance(Constructor.java:423)
at org.openqa.selenium.remote.http.W3CHttpResponseCodec.createException(W3CHttpResponseCodec.java:187)
at org.openqa.selenium.remote.http.W3CHttpResponseCodec.decode(W3CHttpResponseCodec.java:122)
at org.openqa.selenium.remote.http.W3CHttpResponseCodec.decode(W3CHttpResponseCodec.java:49)
at org.openqa.selenium.remote.HttpCommandExecutor.execute(HttpCommandExecutor.java:158)
at org.openqa.selenium.remote.service.DriverCommandExecutor.execute(DriverCommandExecutor.java:83)
at org.openqa.selenium.remote.RemoteWebDriver.execute(RemoteWebDriver.java:552)
at org.openqa.selenium.remote.RemoteWebDriver.get(RemoteWebDriver.java:277)
at sun.reflect.NativeMethodAccessorImpl.invoke0(Native Method)
at sun.reflect.NativeMethodAccessorImpl.invoke(NativeMethodAccessorImpl.java:62)
at sun.reflect.DelegatingMethodAccessorImpl.invoke(DelegatingMethodAccessorImpl.java:43)
at java.lang.reflect.Method.invoke(Method.java:498)
at org.openqa.selenium.support.events.EventFiringWebDriver.lambda$new$1(EventFiringWebDriver.java:105)
at com.sun.proxy.$Proxy7.get(Unknown Source)
at org.openqa.selenium.support.events.EventFiringWebDriver.get(EventFiringWebDriver.java:165)
at com.springSeven.qa.base.testBase.initialization(testBase.java:90)
at com.SpringSeven.qa.testcases.registrationPageTest.setUp(registrationPageTest.java:26)
at sun.reflect.NativeMethodAccessorImpl.invoke0(Native Method)
at sun.reflect.NativeMethodAccessorImpl.invoke(NativeMethodAccessorImpl.java:62)
at sun.reflect.DelegatingMethodAccessorImpl.invoke(DelegatingMethodAccessorImpl.java:43)
at java.lang.reflect.Method.invoke(Method.java:498)
at org.testng.internal.MethodInvocationHelper.invokeMethod(MethodInvocationHelper.java:124)
at org.testng.internal.MethodInvocationHelper.invokeMethodConsideringTimeout(MethodInvocationHelper.java:59)
at org.testng.internal.Invoker.invokeConfigurationMethod(Invoker.java:458)
at org.testng.internal.Invoker.invokeConfigurations(Invoker.java:222)
at org.testng.internal.Invoker.invokeMethod(Invoker.java:523)
at org.testng.internal.Invoker.invokeTestMethod(Invoker.java:719)
at org.testng.internal.Invoker.invokeTestMethods(Invoker.java:989)
at org.testng.internal.TestMethodWorker.invokeTestMethods(TestMethodWorker.java:125)
at org.testng.internal.TestMethodWorker.run(TestMethodWorker.java:109)
at org.testng.TestRunner.privateRun(TestRunner.java:648)
at org.testng.TestRunner.run(TestRunner.java:505)
at org.testng.SuiteRunner.runTest(SuiteRunner.java:455)
at org.testng.SuiteRunner.runSequentially(SuiteRunner.java:450)
at org.testng.SuiteRunner.privateRun(SuiteRunner.java:415)
at org.testng.SuiteRunner.run(SuiteRunner.java:364)
at org.testng.SuiteRunnerWorker.runSuite(SuiteRunnerWorker.java:52)
at org.testng.SuiteRunnerWorker.run(SuiteRunnerWorker.java:84)
at org.testng.TestNG.runSuitesSequentially(TestNG.java:1208)
at org.testng.TestNG.runSuitesLocally(TestNG.java:1137)
at org.testng.TestNG.runSuites(TestNG.java:1049)
at org.testng.TestNG.run(TestNG.java:1017)
at org.testng.remote.AbstractRemoteTestNG.run(AbstractRemoteTestNG.java:115)
at org.testng.remote.RemoteTestNG.initAndRun(RemoteTestNG.java:251)
at org.testng.remote.RemoteTestNG.main(RemoteTestNG.java:77)
]]>
    </error>
  </testcase> <!-- setUp -->
  <testcase name="validateInvalidEmailFormat" time="0.000" classname="com.SpringSeven.qa.testcases.registrationPageTest">
    <skipped/>
  </testcase> <!-- validateInvalidEmailFormat -->
  <testcase name="validatePasswordBlankOne" time="0.000" classname="com.SpringSeven.qa.testcases.registrationPageTest">
    <skipped/>
  </testcase> <!-- validatePasswordBlankOne -->
  <testcase name="validatePasswordBlankThree" time="0.000" classname="com.SpringSeven.qa.testcases.registrationPageTest">
    <skipped/>
  </testcase> <!-- validatePasswordBlankThree -->
  <testcase name="validateValidEmail" time="0.000" classname="com.SpringSeven.qa.testcases.registrationPageTest">
    <skipped/>
  </testcase> <!-- validateValidEmail -->
  <testcase name="validateNoEmail" time="0.000" classname="com.SpringSeven.qa.testcases.registrationPageTest">
    <skipped/>
  </testcase> <!-- validateNoEmail -->
  <testcase name="validatePWRankingTwo" time="0.000" classname="com.SpringSeven.qa.testcases.registrationPageTest">
    <skipped/>
  </testcase> <!-- validatePWRankingTwo -->
  <testcase name="validateVericationErrorTwo" time="0.000" classname="com.SpringSeven.qa.testcases.registrationPageTest">
    <skipped/>
  </testcase> <!-- validateVericationErrorTwo -->
  <testcase name="validatePWRankingThree" time="0.000" classname="com.SpringSeven.qa.testcases.registrationPageTest">
    <skipped/>
  </testcase> <!-- validatePWRankingThree -->
  <testcase name="validatePasswordBlankTwo" time="0.000" classname="com.SpringSeven.qa.testcases.registrationPageTest">
    <skipped/>
  </testcase> <!-- validatePasswordBlankTwo -->
  <testcase name="validateVericationErrorFive" time="0.000" classname="com.SpringSeven.qa.testcases.registrationPageTest">
    <skipped/>
  </testcase> <!-- validateVericationErrorFive -->
  <testcase name="validateConfirmPasswordBlankTwo" time="0.000" classname="com.SpringSeven.qa.testcases.registrationPageTest">
    <skipped/>
  </testcase> <!-- validateConfirmPasswordBlankTwo -->
  <testcase name="validatePWRankingFive" time="0.000" classname="com.SpringSeven.qa.testcases.registrationPageTest">
    <skipped/>
  </testcase> <!-- validatePWRankingFive -->
  <testcase name="validatePWRankingFour" time="0.000" classname="com.SpringSeven.qa.testcases.registrationPageTest">
    <skipped/>
  </testcase> <!-- validatePWRankingFour -->
  <testcase name="validatePWRankingOne" time="0.000" classname="com.SpringSeven.qa.testcases.registrationPageTest">
    <skipped/>
  </testcase> <!-- validatePWRankingOne -->
  <testcase name="validateVericationErrorThree" time="0.000" classname="com.SpringSeven.qa.testcases.registrationPageTest">
    <skipped/>
  </testcase> <!-- validateVericationErrorThree -->
  <testcase name="validateExistingEmail" time="0.000" classname="com.SpringSeven.qa.testcases.registrationPageTest">
    <skipped/>
  </testcase> <!-- validateExistingEmail -->
  <testcase name="validateVericationErrorFour" time="0.000" classname="com.SpringSeven.qa.testcases.registrationPageTest">
    <skipped/>
  </testcase> <!-- validateVericationErrorFour -->
  <testcase name="validateConfirmPasswordBlankOne" time="0.000" classname="com.SpringSeven.qa.testcases.registrationPageTest">
    <skipped/>
  </testcase> <!-- validateConfirmPasswordBlankOne -->
  <testcase name="validatePasswordMismatch" time="0.000" classname="com.SpringSeven.qa.testcases.registrationPageTest">
    <skipped/>
  </testcase> <!-- validatePasswordMismatch -->
  <testcase name="validateRegistrationPageTitle" time="0.000" classname="com.SpringSeven.qa.testcases.registrationPageTest">
    <skipped/>
  </testcase> <!-- validateRegistrationPageTitle -->
  <testcase name="validateVericationErrorOne" time="0.000" classname="com.SpringSeven.qa.testcases.registrationPageTest">
    <skipped/>
  </testcase> <!-- validateVericationErrorOne -->
  <testcase name="validateNotVerifiedEmail" time="0.000" classname="com.SpringSeven.qa.testcases.registrationPageTest">
    <skipped/>
  </testcase> <!-- validateNotVerifiedEmail -->
</testsuite> <!-- com.SpringSeven.qa.testcases.registrationPageTest -->
