<?xml version="1.0" encoding="UTF-8"?>
<!-- Generated by org.testng.reporters.JUnitReportReporter -->
<testsuite skipped="0" hostname="jarcibal-VirtualBox" name="com.SpringSeven.qa.testcases.forgotPasswordPageTest" tests="9" failures="0" timestamp="28 May 2019 15:16:24 GMT" time="177.215" errors="0">
  <testcase name="validateUsernameNotEMail" time="16.115" classname="com.SpringSeven.qa.testcases.forgotPasswordPageTest"/>
  <testcase name="validateInvalidOTPtWO" time="18.682" classname="com.SpringSeven.qa.testcases.forgotPasswordPageTest"/>
  <testcase name="validateBlankOTP" time="33.787" classname="com.SpringSeven.qa.testcases.forgotPasswordPageTest"/>
  <testcase name="validateInvalidOTPOne" time="18.888" classname="com.SpringSeven.qa.testcases.forgotPasswordPageTest"/>
  <testcase name="validateNoEmail" time="14.371" classname="com.SpringSeven.qa.testcases.forgotPasswordPageTest"/>
  <testcase name="validateNonExistingEmail" time="21.422" classname="com.SpringSeven.qa.testcases.forgotPasswordPageTest"/>
  <testcase name="validateWorkingEmail" time="17.594" classname="com.SpringSeven.qa.testcases.forgotPasswordPageTest"/>
  <testcase name="validateFpwPageTitle" time="18.897" classname="com.SpringSeven.qa.testcases.forgotPasswordPageTest"/>
  <testcase name="validateIncorrectFormat" time="17.459" classname="com.SpringSeven.qa.testcases.forgotPasswordPageTest"/>
</testsuite> <!-- com.SpringSeven.qa.testcases.forgotPasswordPageTest -->
