<?xml version="1.0" encoding="UTF-8"?>
<!-- Generated by org.testng.reporters.JUnitReportReporter -->
<testsuite skipped="0" hostname="jarcibal-VirtualBox" name="com.SpringSeven.qa.testcases.editProfilePageTest" tests="5" failures="0" timestamp="13 Jun 2019 10:50:18 GMT" time="162.088" errors="0">
  <testcase name="validateEditProfilePageTitle" time="30.950" classname="com.SpringSeven.qa.testcases.editProfilePageTest"/>
  <testcase name="validateEditProfileUpdateName" time="32.640" classname="com.SpringSeven.qa.testcases.editProfilePageTest"/>
  <testcase name="validateUpdateAddressLineOneBlankError" time="26.133" classname="com.SpringSeven.qa.testcases.editProfilePageTest"/>
  <testcase name="validateUpdateBirthDate" time="42.169" classname="com.SpringSeven.qa.testcases.editProfilePageTest"/>
  <testcase name="validateEditProfileUpdateAddressLineTwoWorksBlank" time="30.196" classname="com.SpringSeven.qa.testcases.editProfilePageTest"/>
</testsuite> <!-- com.SpringSeven.qa.testcases.editProfilePageTest -->
