<?xml version="1.0" encoding="UTF-8"?>
<!-- Generated by org.testng.reporters.JUnitReportReporter -->
<testsuite skipped="0" hostname="jarcibal-VirtualBox" name="com.SpringSeven.qa.testcases.editProfilePageTest" tests="4" failures="0" timestamp="13 Jun 2019 09:43:05 GMT" time="174.690" errors="0">
  <testcase name="validateUpdateBirthDate" time="58.767" classname="com.SpringSeven.qa.testcases.editProfilePageTest"/>
  <testcase name="validateEditProfilePageTitle" time="28.644" classname="com.SpringSeven.qa.testcases.editProfilePageTest"/>
  <testcase name="validateEditProfileUpdateName" time="53.046" classname="com.SpringSeven.qa.testcases.editProfilePageTest"/>
  <testcase name="validateUpdateAddressLineOneBlankError" time="34.233" classname="com.SpringSeven.qa.testcases.editProfilePageTest"/>
</testsuite> <!-- com.SpringSeven.qa.testcases.editProfilePageTest -->
