<?xml version="1.0" encoding="UTF-8"?>
<!-- Generated by org.testng.reporters.JUnitReportReporter -->
<testsuite skipped="0" hostname="jarcibal-VirtualBox" name="com.SpringSeven.qa.testcases.initialPageTest" tests="2" failures="0" timestamp="30 May 2019 04:25:44 GMT" time="33.255" errors="0">
  <testcase name="validateCorrectPageForLogin" time="15.223" classname="com.SpringSeven.qa.testcases.initialPageTest"/>
  <testcase name="validateLoginLinkOnLogin" time="18.032" classname="com.SpringSeven.qa.testcases.initialPageTest"/>
</testsuite> <!-- com.SpringSeven.qa.testcases.initialPageTest -->
