<?xml version="1.0" encoding="UTF-8"?>
<!-- Generated by org.testng.reporters.JUnitReportReporter -->
<testsuite skipped="0" hostname="DESKTOP-QVCE6JK" name="com.SpringSeven.qa.testcases.homePageTest" tests="2" failures="0" timestamp="18 Feb 2019 01:11:22 GMT" time="50.315" errors="0">
  <testcase name="verifySwapooHomepage" time="12.892" classname="com.SpringSeven.qa.testcases.homePageTest"/>
  <testcase name="verifyLogout" time="37.423" classname="com.SpringSeven.qa.testcases.homePageTest"/>
</testsuite> <!-- com.SpringSeven.qa.testcases.homePageTest -->
