<?xml version="1.0" encoding="UTF-8"?>
<!-- Generated by org.testng.reporters.JUnitReportReporter -->
<testsuite skipped="0" hostname="jarcibal-VirtualBox" name="com.SpringSeven.qa.testcases.changeMobileNumberPageTest" tests="3" failures="0" timestamp="10 Jun 2019 06:31:21 GMT" time="106.255" errors="0">
  <testcase name="validateChangeMobilePageTitle" time="28.813" classname="com.SpringSeven.qa.testcases.changeMobileNumberPageTest"/>
  <testcase name="validateChangeMobileNumberIncorrectPassword" time="42.432" classname="com.SpringSeven.qa.testcases.changeMobileNumberPageTest"/>
  <testcase name="validateChangeMobileNumberNoPassword" time="35.010" classname="com.SpringSeven.qa.testcases.changeMobileNumberPageTest"/>
</testsuite> <!-- com.SpringSeven.qa.testcases.changeMobileNumberPageTest -->
