<?xml version="1.0" encoding="UTF-8"?>
<!-- Generated by org.testng.reporters.JUnitReportReporter -->
<testsuite skipped="0" hostname="jarcibal-VirtualBox" name="com.SpringSeven.qa.testcases.changeMobileNumberPageTest" tests="3" failures="0" timestamp="20 May 2019 01:44:21 GMT" time="102.682" errors="0">
  <testcase name="validateChangeMobileNumberNoPassword" time="22.940" classname="com.SpringSeven.qa.testcases.changeMobileNumberPageTest"/>
  <testcase name="validateChangeMobilePageTitle" time="53.125" classname="com.SpringSeven.qa.testcases.changeMobileNumberPageTest"/>
  <testcase name="validateChangeMobileNumberIncorrectPassword" time="26.617" classname="com.SpringSeven.qa.testcases.changeMobileNumberPageTest"/>
</testsuite> <!-- com.SpringSeven.qa.testcases.changeMobileNumberPageTest -->
