<?xml version="1.0" encoding="UTF-8"?>
<!-- Generated by org.testng.reporters.JUnitReportReporter -->
<testsuite skipped="0" hostname="DESKTOP-QVCE6JK" name="com.SpringSeven.qa.testcases.loginPageTest" tests="7" failures="0" timestamp="18 Feb 2019 01:11:22 GMT" time="57.284" errors="0">
  <testcase name="validateLoginWorks" time="10.463" classname="com.SpringSeven.qa.testcases.loginPageTest"/>
  <testcase name="validateFailedLoginIncorrectPW" time="9.442" classname="com.SpringSeven.qa.testcases.loginPageTest"/>
  <testcase name="validateLoginErrorMessageBlankUsername" time="6.999" classname="com.SpringSeven.qa.testcases.loginPageTest"/>
  <testcase name="validateFailedLoginWorks" time="8.493" classname="com.SpringSeven.qa.testcases.loginPageTest"/>
  <testcase name="validateFailedLoginIncorrectUN" time="8.569" classname="com.SpringSeven.qa.testcases.loginPageTest"/>
  <testcase name="validateLoginErrorMessageBlankPassword" time="6.674" classname="com.SpringSeven.qa.testcases.loginPageTest"/>
  <testcase name="validateLoginPageTitle" time="6.644" classname="com.SpringSeven.qa.testcases.loginPageTest"/>
</testsuite> <!-- com.SpringSeven.qa.testcases.loginPageTest -->
