<?xml version="1.0" encoding="UTF-8"?>
<!-- Generated by org.testng.reporters.JUnitReportReporter -->
<testsuite skipped="0" hostname="jarcibal-VirtualBox" name="com.SpringSeven.qa.testcases.changePasswordPageTest" tests="13" failures="0" timestamp="09 May 2019 08:28:44 GMT" time="412.450" errors="0">
  <testcase name="validateNoConfirmPWTwo" time="32.613" classname="com.SpringSeven.qa.testcases.changePasswordPageTest"/>
  <testcase name="validateChangePasswordTitle" time="23.755" classname="com.SpringSeven.qa.testcases.changePasswordPageTest"/>
  <testcase name="validateIncorrectNewCurrentPW" time="39.141" classname="com.SpringSeven.qa.testcases.changePasswordPageTest"/>
  <testcase name="validatePWRankinGood" time="33.741" classname="com.SpringSeven.qa.testcases.changePasswordPageTest"/>
  <testcase name="validatePWRankinStrong" time="31.517" classname="com.SpringSeven.qa.testcases.changePasswordPageTest"/>
  <testcase name="validateNoNewPWTwo" time="29.581" classname="com.SpringSeven.qa.testcases.changePasswordPageTest"/>
  <testcase name="validateNoNewPassword" time="31.842" classname="com.SpringSeven.qa.testcases.changePasswordPageTest"/>
  <testcase name="validateNoNewPW" time="38.021" classname="com.SpringSeven.qa.testcases.changePasswordPageTest"/>
  <testcase name="validateNoCurrentPW" time="27.211" classname="com.SpringSeven.qa.testcases.changePasswordPageTest"/>
  <testcase name="validateNoConfirmPW" time="37.973" classname="com.SpringSeven.qa.testcases.changePasswordPageTest"/>
  <testcase name="validatePWRankingWorst" time="28.238" classname="com.SpringSeven.qa.testcases.changePasswordPageTest"/>
  <testcase name="validateIncorrectCurrentPW" time="25.526" classname="com.SpringSeven.qa.testcases.changePasswordPageTest"/>
  <testcase name="validatePWRankingBad" time="33.291" classname="com.SpringSeven.qa.testcases.changePasswordPageTest"/>
</testsuite> <!-- com.SpringSeven.qa.testcases.changePasswordPageTest -->
