<?xml version="1.0" encoding="UTF-8"?>
<!-- Generated by org.testng.reporters.JUnitReportReporter -->
<testsuite skipped="0" hostname="jarcibal-VirtualBox" name="com.SpringSeven.qa.testcases.setupSecurityQuestionsPageTest" tests="4" failures="0" timestamp="02 May 2019 07:26:55 GMT" time="131.521" errors="0">
  <testcase name="validateNotCurrentPW" time="36.140" classname="com.SpringSeven.qa.testcases.setupSecurityQuestionsPageTest"/>
  <testcase name="validateCorrectCurrentPW" time="39.566" classname="com.SpringSeven.qa.testcases.setupSecurityQuestionsPageTest"/>
  <testcase name="validateIncorrectCurrentPW" time="26.169" classname="com.SpringSeven.qa.testcases.setupSecurityQuestionsPageTest"/>
  <testcase name="validatesetupSecurityQuestionsPageTitle" time="29.646" classname="com.SpringSeven.qa.testcases.setupSecurityQuestionsPageTest"/>
</testsuite> <!-- com.SpringSeven.qa.testcases.setupSecurityQuestionsPageTest -->
