<?xml version="1.0" encoding="UTF-8"?>
<!-- Generated by org.testng.reporters.JUnitReportReporter -->
<testsuite skipped="0" hostname="jarcibal-VirtualBox" name="com.SpringSeven.qa.testcases.changeMobileNumberPageTest" tests="3" failures="0" timestamp="09 May 2019 08:28:44 GMT" time="80.288" errors="0">
  <testcase name="validateChangeMobileNumberIncorrectPassword" time="29.006" classname="com.SpringSeven.qa.testcases.changeMobileNumberPageTest"/>
  <testcase name="validateChangeMobilePageTitle" time="24.164" classname="com.SpringSeven.qa.testcases.changeMobileNumberPageTest"/>
  <testcase name="validateChangeMobileNumberNoPassword" time="27.118" classname="com.SpringSeven.qa.testcases.changeMobileNumberPageTest"/>
</testsuite> <!-- com.SpringSeven.qa.testcases.changeMobileNumberPageTest -->
