<?xml version="1.0" encoding="UTF-8"?>
<!-- Generated by org.testng.reporters.JUnitReportReporter -->
<testsuite skipped="0" hostname="jarcibal-VirtualBox" name="com.SpringSeven.qa.testcases.settingsPageTest" tests="3" failures="0" timestamp="20 May 2019 03:01:48 GMT" time="70.151" errors="0">
  <testcase name="validateSettingsPageTitle" time="25.871" classname="com.SpringSeven.qa.testcases.settingsPageTest"/>
  <testcase name="validateReportAccountBlankPassword" time="21.617" classname="com.SpringSeven.qa.testcases.settingsPageTest"/>
  <testcase name="validateReportAccountIncorrectPassword" time="22.663" classname="com.SpringSeven.qa.testcases.settingsPageTest"/>
</testsuite> <!-- com.SpringSeven.qa.testcases.settingsPageTest -->
