<?xml version="1.0" encoding="UTF-8"?>
<!-- Generated by org.testng.reporters.JUnitReportReporter -->
<testsuite skipped="0" hostname="jarcibal-VirtualBox" name="com.SpringSeven.qa.testcases.registrationPageTest" tests="1" failures="0" timestamp="04 Jun 2019 11:16:13 GMT" time="40.302" errors="0">
  <testcase name="validatePasswordMismatch" time="40.302" classname="com.SpringSeven.qa.testcases.registrationPageTest"/>
</testsuite> <!-- com.SpringSeven.qa.testcases.registrationPageTest -->
