<?xml version="1.0" encoding="UTF-8"?>
<!-- Generated by org.testng.reporters.JUnitReportReporter -->
<testsuite skipped="0" hostname="jarcibal-VirtualBox" name="com.SpringSeven.qa.testcases.changeMobileNumberPageTest" tests="1" failures="0" timestamp="03 May 2019 05:31:10 GMT" time="30.576" errors="0">
  <testcase name="validateChangeMobilePageTitle" time="30.576" classname="com.SpringSeven.qa.testcases.changeMobileNumberPageTest"/>
</testsuite> <!-- com.SpringSeven.qa.testcases.changeMobileNumberPageTest -->
