<?xml version="1.0" encoding="UTF-8"?>
<!-- Generated by org.testng.reporters.JUnitReportReporter -->
<testsuite skipped="0" hostname="jarcibal-VirtualBox" name="com.SpringSeven.qa.testcases.loginPageTest" tests="10" failures="0" timestamp="09 May 2019 08:12:37 GMT" time="404.698" errors="0">
  <testcase name="validateLoginErrorMessageBlankPasswordOne" time="30.797" classname="com.SpringSeven.qa.testcases.loginPageTest"/>
  <testcase name="validateLoginErrorMessageBlankPasswordTwo" time="38.288" classname="com.SpringSeven.qa.testcases.loginPageTest"/>
  <testcase name="validateLoginPageTitle" time="44.465" classname="com.SpringSeven.qa.testcases.loginPageTest"/>
  <testcase name="validateFailedLoginIncorrectPWOne" time="42.394" classname="com.SpringSeven.qa.testcases.loginPageTest"/>
  <testcase name="validateLoginErrorMessageBlankUsernameOne" time="34.848" classname="com.SpringSeven.qa.testcases.loginPageTest"/>
  <testcase name="validateFailedLoginIncorrectUN" time="40.997" classname="com.SpringSeven.qa.testcases.loginPageTest"/>
  <testcase name="validateFailedLoginWorks" time="51.724" classname="com.SpringSeven.qa.testcases.loginPageTest"/>
  <testcase name="validateLoginWorksTwo" time="35.388" classname="com.SpringSeven.qa.testcases.loginPageTest"/>
  <testcase name="validateLoginWorksOne" time="45.350" classname="com.SpringSeven.qa.testcases.loginPageTest"/>
  <testcase name="validateLoginErrorMessageBlankPasswordThree" time="40.447" classname="com.SpringSeven.qa.testcases.loginPageTest"/>
</testsuite> <!-- com.SpringSeven.qa.testcases.loginPageTest -->
