<?xml version="1.0" encoding="UTF-8"?>
<!-- Generated by org.testng.reporters.JUnitReportReporter -->
<testsuite skipped="0" hostname="DESKTOP-QVCE6JK" name="com.SpringSeven.qa.testcases.enrollmentTreePageTest" tests="1" failures="0" timestamp="18 Feb 2019 01:11:22 GMT" time="23.818" errors="0">
  <testcase name="validateEnrollmentTreePageTitle" time="23.818" classname="com.SpringSeven.qa.testcases.enrollmentTreePageTest"/>
</testsuite> <!-- com.SpringSeven.qa.testcases.enrollmentTreePageTest -->
