<?xml version="1.0" encoding="UTF-8"?>
<!-- Generated by org.testng.reporters.JUnitReportReporter -->
<testsuite skipped="0" hostname="jarcibal-VirtualBox" name="com.SpringSeven.qa.testcases.initialPageTest" tests="2" failures="0" timestamp="30 May 2019 06:22:26 GMT" time="30.648" errors="0">
  <testcase name="validateCorrectPageForLogin" time="17.848" classname="com.SpringSeven.qa.testcases.initialPageTest"/>
  <testcase name="validateLoginLinkOnLogin" time="12.800" classname="com.SpringSeven.qa.testcases.initialPageTest"/>
</testsuite> <!-- com.SpringSeven.qa.testcases.initialPageTest -->
