<?xml version="1.0" encoding="UTF-8"?>
<!-- Generated by org.testng.reporters.JUnitReportReporter -->
<testsuite skipped="0" hostname="DESKTOP-QVCE6JK" name="com.SpringSeven.qa.testcases.productsPageTest" tests="1" failures="0" timestamp="18 Feb 2019 01:11:22 GMT" time="40.456" errors="0">
  <testcase name="validateProductsPageTitle" time="40.456" classname="com.SpringSeven.qa.testcases.productsPageTest"/>
</testsuite> <!-- com.SpringSeven.qa.testcases.productsPageTest -->
