<?xml version="1.0" encoding="UTF-8"?>
<!-- Generated by org.testng.reporters.JUnitReportReporter -->
<testsuite skipped="0" hostname="jarcibal-VirtualBox" name="com.SpringSeven.qa.testcases.changeEmailAddressPageTest" tests="1" failures="0" timestamp="03 May 2019 05:31:10 GMT" time="27.407" errors="0">
  <testcase name="validateChangeEmailPageTitle" time="27.407" classname="com.SpringSeven.qa.testcases.changeEmailAddressPageTest"/>
</testsuite> <!-- com.SpringSeven.qa.testcases.changeEmailAddressPageTest -->
