<?xml version="1.0" encoding="UTF-8"?>
<!-- Generated by org.testng.reporters.JUnitReportReporter -->
<testsuite skipped="0" hostname="DESKTOP-QVCE6JK" name="com.SpringSeven.qa.testcases.setupSecurityQuestionsPageTest" tests="3" failures="0" timestamp="18 Feb 2019 02:01:13 GMT" time="69.635" errors="0">
  <testcase name="validateNotCurrentPW" time="20.487" classname="com.SpringSeven.qa.testcases.setupSecurityQuestionsPageTest"/>
  <testcase name="validatesetupSecurityQuestionsPageTitle" time="25.076" classname="com.SpringSeven.qa.testcases.setupSecurityQuestionsPageTest"/>
  <testcase name="validateIncorrectCurrentPW" time="24.072" classname="com.SpringSeven.qa.testcases.setupSecurityQuestionsPageTest"/>
</testsuite> <!-- com.SpringSeven.qa.testcases.setupSecurityQuestionsPageTest -->
