<?xml version="1.0" encoding="UTF-8"?>
<!-- Generated by org.testng.reporters.JUnitReportReporter -->
<testsuite skipped="0" hostname="jarcibal-VirtualBox" name="com.SpringSeven.qa.testcases.binaryTreePageTest" tests="3" failures="0" timestamp="20 May 2019 01:39:54 GMT" time="69.084" errors="0">
  <testcase name="validateBinaryTreeUsername" time="24.339" classname="com.SpringSeven.qa.testcases.binaryTreePageTest"/>
  <testcase name="validateBinaryTreePageTitle" time="23.668" classname="com.SpringSeven.qa.testcases.binaryTreePageTest"/>
  <testcase name="validateBlankTextonAdd" time="21.077" classname="com.SpringSeven.qa.testcases.binaryTreePageTest"/>
</testsuite> <!-- com.SpringSeven.qa.testcases.binaryTreePageTest -->
