<?xml version="1.0" encoding="UTF-8"?>
<!-- Generated by org.testng.reporters.JUnitReportReporter -->
<testsuite skipped="0" hostname="jarcibal-VirtualBox" name="com.SpringSeven.qa.testcases.editProfilePageTest" tests="1" failures="0" timestamp="13 Jun 2019 02:29:14 GMT" time="51.492" errors="0">
  <testcase name="validateUpdateName" time="51.492" classname="com.SpringSeven.qa.testcases.editProfilePageTest"/>
</testsuite> <!-- com.SpringSeven.qa.testcases.editProfilePageTest -->
