<?xml version="1.0" encoding="UTF-8"?>
<!-- Generated by org.testng.reporters.JUnitReportReporter -->
<testsuite skipped="0" hostname="jarcibal-VirtualBox" name="com.SpringSeven.qa.testcases.homePageTest" tests="2" failures="0" timestamp="06 May 2019 00:53:08 GMT" time="39.824" errors="0">
  <testcase name="verifySwapooHeaderIcon" time="20.870" classname="com.SpringSeven.qa.testcases.homePageTest"/>
  <testcase name="verifySwapooFooterIcon" time="18.954" classname="com.SpringSeven.qa.testcases.homePageTest"/>
</testsuite> <!-- com.SpringSeven.qa.testcases.homePageTest -->
