<?xml version="1.0" encoding="UTF-8"?>
<!-- Generated by org.testng.reporters.JUnitReportReporter -->
<testsuite skipped="0" hostname="DESKTOP-QVCE6JK" name="com.SpringSeven.qa.testcases.profilePageTest" tests="1" failures="0" timestamp="18 Feb 2019 01:27:09 GMT" time="14.559" errors="0">
  <testcase name="validateProfilePageTitle" time="14.559" classname="com.SpringSeven.qa.testcases.profilePageTest"/>
</testsuite> <!-- com.SpringSeven.qa.testcases.profilePageTest -->
