<?xml version="1.0" encoding="UTF-8"?>
<!-- Generated by org.testng.reporters.JUnitReportReporter -->
<testsuite skipped="0" hostname="jarcibal-VirtualBox" name="com.SpringSeven.qa.testcases.enrollmentTreePageTest" tests="1" failures="0" timestamp="20 May 2019 02:05:07 GMT" time="31.804" errors="0">
  <testcase name="validateEnrollmentTreePageTitle" time="31.804" classname="com.SpringSeven.qa.testcases.enrollmentTreePageTest"/>
</testsuite> <!-- com.SpringSeven.qa.testcases.enrollmentTreePageTest -->
