<?xml version="1.0" encoding="UTF-8"?>
<!-- Generated by org.testng.reporters.JUnitReportReporter -->
<testsuite skipped="0" hostname="jarcibal-VirtualBox" name="com.SpringSeven.qa.testcases.changePasswordPageTest" tests="13" failures="0" timestamp="03 May 2019 01:58:49 GMT" time="341.058" errors="0">
  <testcase name="validateChangePasswordTitle" time="21.972" classname="com.SpringSeven.qa.testcases.changePasswordPageTest"/>
  <testcase name="validateNoNewPassword" time="32.791" classname="com.SpringSeven.qa.testcases.changePasswordPageTest"/>
  <testcase name="validatePWRankinGood" time="25.137" classname="com.SpringSeven.qa.testcases.changePasswordPageTest"/>
  <testcase name="validateIncorrectNewCurrentPW" time="24.740" classname="com.SpringSeven.qa.testcases.changePasswordPageTest"/>
  <testcase name="validateNoCurrentPW" time="23.063" classname="com.SpringSeven.qa.testcases.changePasswordPageTest"/>
  <testcase name="validatePWRankingWorst" time="26.178" classname="com.SpringSeven.qa.testcases.changePasswordPageTest"/>
  <testcase name="validatePWRankinStrong" time="26.014" classname="com.SpringSeven.qa.testcases.changePasswordPageTest"/>
  <testcase name="validateNoNewPWTwo" time="27.569" classname="com.SpringSeven.qa.testcases.changePasswordPageTest"/>
  <testcase name="validatePWRankingBad" time="28.406" classname="com.SpringSeven.qa.testcases.changePasswordPageTest"/>
  <testcase name="validateNoNewPW" time="31.659" classname="com.SpringSeven.qa.testcases.changePasswordPageTest"/>
  <testcase name="validateIncorrectCurrentPW" time="23.791" classname="com.SpringSeven.qa.testcases.changePasswordPageTest"/>
  <testcase name="validateNoConfirmPWTwo" time="25.607" classname="com.SpringSeven.qa.testcases.changePasswordPageTest"/>
  <testcase name="validateNoConfirmPW" time="24.131" classname="com.SpringSeven.qa.testcases.changePasswordPageTest"/>
</testsuite> <!-- com.SpringSeven.qa.testcases.changePasswordPageTest -->
