<?xml version="1.0" encoding="UTF-8"?>
<!-- Generated by org.testng.reporters.JUnitReportReporter -->
<testsuite skipped="0" hostname="jarcibal-VirtualBox" name="com.SpringSeven.qa.testcases.loginPageTest" tests="10" failures="0" timestamp="03 May 2019 03:10:19 GMT" time="167.553" errors="0">
  <testcase name="validateLoginPageTitle" time="12.572" classname="com.SpringSeven.qa.testcases.loginPageTest"/>
  <testcase name="validateLoginErrorMessageBlankPasswordTwo" time="15.866" classname="com.SpringSeven.qa.testcases.loginPageTest"/>
  <testcase name="validateLoginErrorMessageBlankUsernameOne" time="19.580" classname="com.SpringSeven.qa.testcases.loginPageTest"/>
  <testcase name="validateFailedLoginIncorrectUN" time="15.549" classname="com.SpringSeven.qa.testcases.loginPageTest"/>
  <testcase name="validateLoginErrorMessageBlankPasswordOne" time="17.384" classname="com.SpringSeven.qa.testcases.loginPageTest"/>
  <testcase name="validateLoginErrorMessageBlankPasswordThree" time="16.533" classname="com.SpringSeven.qa.testcases.loginPageTest"/>
  <testcase name="validateFailedLoginWorks" time="16.065" classname="com.SpringSeven.qa.testcases.loginPageTest"/>
  <testcase name="validateLoginWorksTwo" time="16.682" classname="com.SpringSeven.qa.testcases.loginPageTest"/>
  <testcase name="validateLoginWorksOne" time="18.753" classname="com.SpringSeven.qa.testcases.loginPageTest"/>
  <testcase name="validateFailedLoginIncorrectPWOne" time="18.569" classname="com.SpringSeven.qa.testcases.loginPageTest"/>
</testsuite> <!-- com.SpringSeven.qa.testcases.loginPageTest -->
