<?xml version="1.0" encoding="UTF-8"?>
<!-- Generated by org.testng.reporters.JUnitReportReporter -->
<testsuite skipped="0" hostname="jarcibal-VirtualBox" name="com.SpringSeven.qa.testcases.completeRegistrationTest" tests="15" failures="0" timestamp="20 May 2019 02:00:35 GMT" time="384.196" errors="0">
  <testcase name="validateBlankImage" time="29.539" classname="com.SpringSeven.qa.testcases.completeRegistrationTest"/>
  <testcase name="validateBlankUsername" time="29.657" classname="com.SpringSeven.qa.testcases.completeRegistrationTest"/>
  <testcase name="validateInvalidDOBTwo" time="22.684" classname="com.SpringSeven.qa.testcases.completeRegistrationTest"/>
  <testcase name="validateBlankFirstName" time="19.250" classname="com.SpringSeven.qa.testcases.completeRegistrationTest"/>
  <testcase name="validateBlankLastName" time="24.214" classname="com.SpringSeven.qa.testcases.completeRegistrationTest"/>
  <testcase name="validateBlankIDType" time="17.213" classname="com.SpringSeven.qa.testcases.completeRegistrationTest"/>
  <testcase name="validateCompleteRegistrationPageTitle" time="22.710" classname="com.SpringSeven.qa.testcases.completeRegistrationTest"/>
  <testcase name="validateProperInfoOne" time="35.924" classname="com.SpringSeven.qa.testcases.completeRegistrationTest"/>
  <testcase name="validateUniqueUsername" time="31.877" classname="com.SpringSeven.qa.testcases.completeRegistrationTest"/>
  <testcase name="validateExistingUsername" time="23.161" classname="com.SpringSeven.qa.testcases.completeRegistrationTest"/>
  <testcase name="validateBlankDOB" time="31.435" classname="com.SpringSeven.qa.testcases.completeRegistrationTest"/>
  <testcase name="validateBelow18" time="33.108" classname="com.SpringSeven.qa.testcases.completeRegistrationTest"/>
  <testcase name="validateInvalidDOBThree" time="16.718" classname="com.SpringSeven.qa.testcases.completeRegistrationTest"/>
  <testcase name="validateInvalidDOBOne" time="17.590" classname="com.SpringSeven.qa.testcases.completeRegistrationTest"/>
  <testcase name="validateOverage" time="29.116" classname="com.SpringSeven.qa.testcases.completeRegistrationTest"/>
</testsuite> <!-- com.SpringSeven.qa.testcases.completeRegistrationTest -->
