<?xml version="1.0" encoding="UTF-8"?>
<!-- Generated by org.testng.reporters.JUnitReportReporter -->
<testsuite skipped="0" hostname="jarcibal-VirtualBox" name="com.SpringSeven.qa.testcases.productsPageTest" tests="1" failures="0" timestamp="10 Jun 2019 01:30:52 GMT" time="51.112" errors="0">
  <testcase name="validateProductsPageCorrectPassword" time="51.112" classname="com.SpringSeven.qa.testcases.productsPageTest"/>
</testsuite> <!-- com.SpringSeven.qa.testcases.productsPageTest -->
