<?xml version="1.0" encoding="UTF-8"?>
<!-- Generated by org.testng.reporters.JUnitReportReporter -->
<testsuite skipped="0" hostname="DESKTOP-QVCE6JK" name="com.SpringSeven.qa.testcases.trash" tests="1" failures="0" timestamp="30 Jan 2019 02:41:21 GMT" time="11.950" errors="0">
  <testcase name="logintest" time="11.950" classname="com.SpringSeven.qa.testcases.trash"/>
</testsuite> <!-- com.SpringSeven.qa.testcases.trash -->
