<?xml version="1.0" encoding="UTF-8"?>
<!-- Generated by org.testng.reporters.JUnitReportReporter -->
<testsuite skipped="0" hostname="jarcibal-VirtualBox" name="com.SpringSeven.qa.testcases.productsPageTest" tests="2" failures="0" timestamp="03 May 2019 08:55:28 GMT" time="53.961" errors="0">
  <testcase name="validateProductsPageBlankPassword" time="25.850" classname="com.SpringSeven.qa.testcases.productsPageTest"/>
  <testcase name="validateProductsPageTitle" time="28.111" classname="com.SpringSeven.qa.testcases.productsPageTest"/>
</testsuite> <!-- com.SpringSeven.qa.testcases.productsPageTest -->
