<?xml version="1.0" encoding="UTF-8"?>
<!-- Generated by org.testng.reporters.JUnitReportReporter -->
<testsuite skipped="0" hostname="jarcibal-VirtualBox" name="com.SpringSeven.qa.testcases.settingsPageTest" tests="2" failures="0" timestamp="05 May 2019 23:12:28 GMT" time="59.648" errors="0">
  <testcase name="validateReportAccountIncorrectPassword" time="37.572" classname="com.SpringSeven.qa.testcases.settingsPageTest"/>
  <testcase name="validateSettingsPageTitle" time="22.076" classname="com.SpringSeven.qa.testcases.settingsPageTest"/>
</testsuite> <!-- com.SpringSeven.qa.testcases.settingsPageTest -->
