<?xml version="1.0" encoding="UTF-8"?>
<!-- Generated by org.testng.reporters.JUnitReportReporter -->
<testsuite skipped="0" hostname="jarcibal-VirtualBox" name="com.SpringSeven.qa.testcases.initialPageTest" tests="2" failures="0" timestamp="09 May 2019 08:12:37 GMT" time="69.648" errors="0">
  <testcase name="validateLoginLinkOnLogin" time="37.964" classname="com.SpringSeven.qa.testcases.initialPageTest"/>
  <testcase name="validateCorrectPageForLogin" time="31.684" classname="com.SpringSeven.qa.testcases.initialPageTest"/>
</testsuite> <!-- com.SpringSeven.qa.testcases.initialPageTest -->
