<?xml version="1.0" encoding="UTF-8"?>
<!-- Generated by org.testng.reporters.JUnitReportReporter -->
<testsuite skipped="0" hostname="jarcibal-VirtualBox" name="com.SpringSeven.qa.testcases.initialPageTest" tests="2" failures="0" timestamp="31 May 2019 02:41:58 GMT" time="31.523" errors="0">
  <testcase name="validateLoginLinkOnLogin" time="17.049" classname="com.SpringSeven.qa.testcases.initialPageTest"/>
  <testcase name="validateCorrectPageForLogin" time="14.474" classname="com.SpringSeven.qa.testcases.initialPageTest"/>
</testsuite> <!-- com.SpringSeven.qa.testcases.initialPageTest -->
