<?xml version="1.0" encoding="UTF-8"?>
<!-- Generated by org.testng.reporters.JUnitReportReporter -->
<testsuite skipped="0" hostname="jarcibal-VirtualBox" name="com.SpringSeven.qa.testcases.forgotPasswordPageTest" tests="5" failures="0" timestamp="15 May 2019 08:15:28 GMT" time="74.519" errors="0">
  <testcase name="validateFpwPageTitle" time="16.668" classname="com.SpringSeven.qa.testcases.forgotPasswordPageTest"/>
  <testcase name="validateNonExistingEmail" time="17.267" classname="com.SpringSeven.qa.testcases.forgotPasswordPageTest"/>
  <testcase name="validateNoEmail" time="14.186" classname="com.SpringSeven.qa.testcases.forgotPasswordPageTest"/>
  <testcase name="validateUsernameNotEMail" time="13.230" classname="com.SpringSeven.qa.testcases.forgotPasswordPageTest"/>
  <testcase name="validateIncorrectFormat" time="13.168" classname="com.SpringSeven.qa.testcases.forgotPasswordPageTest"/>
</testsuite> <!-- com.SpringSeven.qa.testcases.forgotPasswordPageTest -->
