<?xml version="1.0" encoding="UTF-8"?>
<!-- Generated by org.testng.reporters.JUnitReportReporter -->
<testsuite skipped="0" hostname="DESKTOP-QVCE6JK" name="com.SpringSeven.qa.testcases.settingsPageTest" tests="3" failures="0" timestamp="18 Feb 2019 01:31:33 GMT" time="39.506" errors="0">
  <testcase name="validateSettingsPageTitle" time="13.775" classname="com.SpringSeven.qa.testcases.settingsPageTest"/>
  <testcase name="validateReportAccountBlankPassword" time="12.549" classname="com.SpringSeven.qa.testcases.settingsPageTest"/>
  <testcase name="validateReportAccountIncorrectPassword" time="13.182" classname="com.SpringSeven.qa.testcases.settingsPageTest"/>
</testsuite> <!-- com.SpringSeven.qa.testcases.settingsPageTest -->
