<?xml version="1.0" encoding="UTF-8"?>
<!-- Generated by org.testng.reporters.JUnitReportReporter -->
<testsuite skipped="0" hostname="DESKTOP-QVCE6JK" name="com.SpringSeven.qa.testcases.changePasswordPageTest" tests="1" failures="0" timestamp="18 Feb 2019 01:59:10 GMT" time="38.087" errors="0">
  <testcase name="validateIncorrectNewCurrentPW" time="38.087" classname="com.SpringSeven.qa.testcases.changePasswordPageTest"/>
</testsuite> <!-- com.SpringSeven.qa.testcases.changePasswordPageTest -->
