<?xml version="1.0" encoding="UTF-8"?>
<!-- Generated by org.testng.reporters.JUnitReportReporter -->
<testsuite skipped="0" hostname="jarcibal-VirtualBox" name="com.SpringSeven.qa.testcases.profilePageTest" tests="6" failures="0" timestamp="20 May 2019 02:52:06 GMT" time="139.188" errors="0">
  <testcase name="validateReferralLinkIncorrectFormat" time="22.804" classname="com.SpringSeven.qa.testcases.profilePageTest"/>
  <testcase name="validateReferralOwnEmail" time="24.333" classname="com.SpringSeven.qa.testcases.profilePageTest"/>
  <testcase name="validateReferralLinkDuplicateEmail" time="27.028" classname="com.SpringSeven.qa.testcases.profilePageTest"/>
  <testcase name="validateProfilePageTitle" time="20.316" classname="com.SpringSeven.qa.testcases.profilePageTest"/>
  <testcase name="validateReferralLinkElevenEmail" time="24.479" classname="com.SpringSeven.qa.testcases.profilePageTest"/>
  <testcase name="validateReferralExistingEmail" time="20.228" classname="com.SpringSeven.qa.testcases.profilePageTest"/>
</testsuite> <!-- com.SpringSeven.qa.testcases.profilePageTest -->
