<?xml version="1.0" encoding="UTF-8"?>
<!-- Generated by org.testng.reporters.JUnitReportReporter -->
<testsuite skipped="0" hostname="jarcibal-VirtualBox" name="com.SpringSeven.qa.testcases.homePageTest" tests="4" failures="0" timestamp="09 May 2019 08:12:37 GMT" time="148.936" errors="0">
  <testcase name="verifyHomepageHeader" time="40.127" classname="com.SpringSeven.qa.testcases.homePageTest"/>
  <testcase name="verifySwapooFooterIcon" time="37.581" classname="com.SpringSeven.qa.testcases.homePageTest"/>
  <testcase name="verifyLogout" time="37.576" classname="com.SpringSeven.qa.testcases.homePageTest"/>
  <testcase name="verifySwapooHeaderIcon" time="33.652" classname="com.SpringSeven.qa.testcases.homePageTest"/>
</testsuite> <!-- com.SpringSeven.qa.testcases.homePageTest -->
