<?xml version="1.0" encoding="UTF-8"?>
<!-- Generated by org.testng.reporters.JUnitReportReporter -->
<testsuite skipped="0" hostname="jarcibal-VirtualBox" name="com.SpringSeven.qa.testcases.settingsPageTest" tests="3" failures="0" timestamp="03 May 2019 01:58:49 GMT" time="72.335" errors="0">
  <testcase name="validateReportAccountBlankPassword" time="22.253" classname="com.SpringSeven.qa.testcases.settingsPageTest"/>
  <testcase name="validateReportAccountIncorrectPassword" time="29.168" classname="com.SpringSeven.qa.testcases.settingsPageTest"/>
  <testcase name="validateSettingsPageTitle" time="20.914" classname="com.SpringSeven.qa.testcases.settingsPageTest"/>
</testsuite> <!-- com.SpringSeven.qa.testcases.settingsPageTest -->
