<?xml version="1.0" encoding="UTF-8"?>
<!-- Generated by org.testng.reporters.JUnitReportReporter -->
<testsuite skipped="0" hostname="jarcibal-VirtualBox" name="com.SpringSeven.qa.testcases.registrationPageTest" tests="22" failures="0" timestamp="20 May 2019 03:00:10 GMT" time="425.264" errors="0">
  <testcase name="validateConfirmPasswordBlankOne" time="27.011" classname="com.SpringSeven.qa.testcases.registrationPageTest"/>
  <testcase name="validateConfirmPasswordBlankTwo" time="18.301" classname="com.SpringSeven.qa.testcases.registrationPageTest"/>
  <testcase name="validatePWRankingFive" time="18.241" classname="com.SpringSeven.qa.testcases.registrationPageTest"/>
  <testcase name="validatePasswordBlankThree" time="23.188" classname="com.SpringSeven.qa.testcases.registrationPageTest"/>
  <testcase name="validatePWRankingOne" time="19.165" classname="com.SpringSeven.qa.testcases.registrationPageTest"/>
  <testcase name="validateVericationErrorFour" time="20.839" classname="com.SpringSeven.qa.testcases.registrationPageTest"/>
  <testcase name="validateVericationErrorOne" time="19.577" classname="com.SpringSeven.qa.testcases.registrationPageTest"/>
  <testcase name="validateNoEmail" time="16.976" classname="com.SpringSeven.qa.testcases.registrationPageTest"/>
  <testcase name="validatePWRankingTwo" time="19.147" classname="com.SpringSeven.qa.testcases.registrationPageTest"/>
  <testcase name="validatePasswordMismatch" time="21.319" classname="com.SpringSeven.qa.testcases.registrationPageTest"/>
  <testcase name="validateRegistrationPageTitle" time="14.323" classname="com.SpringSeven.qa.testcases.registrationPageTest"/>
  <testcase name="validateVericationErrorTwo" time="19.072" classname="com.SpringSeven.qa.testcases.registrationPageTest"/>
  <testcase name="validatePasswordBlankOne" time="21.600" classname="com.SpringSeven.qa.testcases.registrationPageTest"/>
  <testcase name="validatePasswordBlankTwo" time="18.530" classname="com.SpringSeven.qa.testcases.registrationPageTest"/>
  <testcase name="validateVericationErrorThree" time="21.141" classname="com.SpringSeven.qa.testcases.registrationPageTest"/>
  <testcase name="validatePWRankingThree" time="19.144" classname="com.SpringSeven.qa.testcases.registrationPageTest"/>
  <testcase name="validateNotVerifiedEmail" time="17.164" classname="com.SpringSeven.qa.testcases.registrationPageTest"/>
  <testcase name="validateValidEmail" time="20.910" classname="com.SpringSeven.qa.testcases.registrationPageTest"/>
  <testcase name="validateVericationErrorFive" time="20.501" classname="com.SpringSeven.qa.testcases.registrationPageTest"/>
  <testcase name="validateExistingEmail" time="15.952" classname="com.SpringSeven.qa.testcases.registrationPageTest"/>
  <testcase name="validateInvalidEmailFormat" time="14.531" classname="com.SpringSeven.qa.testcases.registrationPageTest"/>
  <testcase name="validatePWRankingFour" time="18.632" classname="com.SpringSeven.qa.testcases.registrationPageTest"/>
</testsuite> <!-- com.SpringSeven.qa.testcases.registrationPageTest -->
