<?xml version="1.0" encoding="UTF-8"?>
<!-- Generated by org.testng.reporters.JUnitReportReporter -->
<testsuite skipped="0" hostname="jarcibal-VirtualBox" name="com.SpringSeven.qa.testcases.forgotPasswordPageTest" tests="9" failures="0" timestamp="10 Jun 2019 01:06:32 GMT" time="175.685" errors="0">
  <testcase name="validateIncorrectFormat" time="17.349" classname="com.SpringSeven.qa.testcases.forgotPasswordPageTest"/>
  <testcase name="validateNonExistingEmail" time="19.632" classname="com.SpringSeven.qa.testcases.forgotPasswordPageTest"/>
  <testcase name="validateWorkingEmail" time="21.230" classname="com.SpringSeven.qa.testcases.forgotPasswordPageTest"/>
  <testcase name="validateFpwPageTitle" time="15.611" classname="com.SpringSeven.qa.testcases.forgotPasswordPageTest"/>
  <testcase name="validateInvalidOTPtWO" time="21.539" classname="com.SpringSeven.qa.testcases.forgotPasswordPageTest"/>
  <testcase name="validateUsernameNotEMail" time="17.675" classname="com.SpringSeven.qa.testcases.forgotPasswordPageTest"/>
  <testcase name="validateBlankOTP" time="22.839" classname="com.SpringSeven.qa.testcases.forgotPasswordPageTest"/>
  <testcase name="validateInvalidOTPOne" time="20.326" classname="com.SpringSeven.qa.testcases.forgotPasswordPageTest"/>
  <testcase name="validateNoEmail" time="19.484" classname="com.SpringSeven.qa.testcases.forgotPasswordPageTest"/>
</testsuite> <!-- com.SpringSeven.qa.testcases.forgotPasswordPageTest -->
