<?xml version="1.0" encoding="UTF-8"?>
<!-- Generated by org.testng.reporters.JUnitReportReporter -->
<testsuite skipped="0" hostname="jarcibal-VirtualBox" name="com.SpringSeven.qa.testcases.registrationPageTest" tests="22" failures="0" timestamp="07 May 2019 06:02:51 GMT" time="500.586" errors="0">
  <testcase name="validateVericationErrorFour" time="22.454" classname="com.SpringSeven.qa.testcases.registrationPageTest"/>
  <testcase name="validatePasswordBlankThree" time="21.368" classname="com.SpringSeven.qa.testcases.registrationPageTest"/>
  <testcase name="validatePWRankingFour" time="27.423" classname="com.SpringSeven.qa.testcases.registrationPageTest"/>
  <testcase name="validateRegistrationPageTitle" time="12.109" classname="com.SpringSeven.qa.testcases.registrationPageTest"/>
  <testcase name="validateVericationErrorThree" time="31.770" classname="com.SpringSeven.qa.testcases.registrationPageTest"/>
  <testcase name="validateVericationErrorOne" time="30.112" classname="com.SpringSeven.qa.testcases.registrationPageTest"/>
  <testcase name="validateInvalidEmailFormat" time="21.586" classname="com.SpringSeven.qa.testcases.registrationPageTest"/>
  <testcase name="validatePasswordMismatch" time="24.889" classname="com.SpringSeven.qa.testcases.registrationPageTest"/>
  <testcase name="validateVericationErrorFive" time="22.425" classname="com.SpringSeven.qa.testcases.registrationPageTest"/>
  <testcase name="validatePWRankingOne" time="19.415" classname="com.SpringSeven.qa.testcases.registrationPageTest"/>
  <testcase name="validateVericationErrorTwo" time="44.576" classname="com.SpringSeven.qa.testcases.registrationPageTest"/>
  <testcase name="validateNoEmail" time="26.020" classname="com.SpringSeven.qa.testcases.registrationPageTest"/>
  <testcase name="validatePWRankingTwo" time="17.253" classname="com.SpringSeven.qa.testcases.registrationPageTest"/>
  <testcase name="validateConfirmPasswordBlankTwo" time="18.560" classname="com.SpringSeven.qa.testcases.registrationPageTest"/>
  <testcase name="validatePWRankingThree" time="20.404" classname="com.SpringSeven.qa.testcases.registrationPageTest"/>
  <testcase name="validateExistingEmail" time="17.247" classname="com.SpringSeven.qa.testcases.registrationPageTest"/>
  <testcase name="validateConfirmPasswordBlankOne" time="17.194" classname="com.SpringSeven.qa.testcases.registrationPageTest"/>
  <testcase name="validateNotVerifiedEmail" time="20.849" classname="com.SpringSeven.qa.testcases.registrationPageTest"/>
  <testcase name="validatePasswordBlankOne" time="28.672" classname="com.SpringSeven.qa.testcases.registrationPageTest"/>
  <testcase name="validateValidEmail" time="19.478" classname="com.SpringSeven.qa.testcases.registrationPageTest"/>
  <testcase name="validatePWRankingFive" time="19.649" classname="com.SpringSeven.qa.testcases.registrationPageTest"/>
  <testcase name="validatePasswordBlankTwo" time="17.133" classname="com.SpringSeven.qa.testcases.registrationPageTest"/>
</testsuite> <!-- com.SpringSeven.qa.testcases.registrationPageTest -->
