<?xml version="1.0" encoding="UTF-8"?>
<!-- Generated by org.testng.reporters.JUnitReportReporter -->
<testsuite skipped="0" hostname="jarcibal-VirtualBox" name="com.SpringSeven.qa.testcases.registrationPageTest" tests="1" failures="0" timestamp="04 Jun 2019 09:39:55 GMT" time="21.751" errors="0">
  <testcase name="validateRegistrationPageTitle" time="21.751" classname="com.SpringSeven.qa.testcases.registrationPageTest"/>
</testsuite> <!-- com.SpringSeven.qa.testcases.registrationPageTest -->
