<?xml version="1.0" encoding="UTF-8"?>
<!-- Generated by org.testng.reporters.JUnitReportReporter -->
<testsuite skipped="0" hostname="jarcibal-VirtualBox" name="com.SpringSeven.qa.testcases.initialPageTest" tests="2" failures="0" timestamp="15 May 2019 08:15:28 GMT" time="28.419" errors="0">
  <testcase name="validateCorrectPageForLogin" time="15.635" classname="com.SpringSeven.qa.testcases.initialPageTest"/>
  <testcase name="validateLoginLinkOnLogin" time="12.784" classname="com.SpringSeven.qa.testcases.initialPageTest"/>
</testsuite> <!-- com.SpringSeven.qa.testcases.initialPageTest -->
