<?xml version="1.0" encoding="UTF-8"?>
<!-- Generated by org.testng.reporters.JUnitReportReporter -->
<testsuite skipped="0" hostname="jarcibal-VirtualBox" name="com.SpringSeven.qa.testcases.productsPageTest" tests="4" failures="0" timestamp="20 May 2019 02:43:49 GMT" time="112.314" errors="0">
  <testcase name="validateProductsPageBlankPassword" time="30.039" classname="com.SpringSeven.qa.testcases.productsPageTest"/>
  <testcase name="validateProductsPageIncorrectPassword" time="24.116" classname="com.SpringSeven.qa.testcases.productsPageTest"/>
  <testcase name="validateProductsPageCorrectPassword" time="32.262" classname="com.SpringSeven.qa.testcases.productsPageTest"/>
  <testcase name="validateProductsPageTitle" time="25.897" classname="com.SpringSeven.qa.testcases.productsPageTest"/>
</testsuite> <!-- com.SpringSeven.qa.testcases.productsPageTest -->
