<?xml version="1.0" encoding="UTF-8"?>
<!-- Generated by org.testng.reporters.JUnitReportReporter -->
<testsuite skipped="0" hostname="jarcibal-VirtualBox" name="com.SpringSeven.qa.testcases.productsPageTest" tests="2" failures="0" timestamp="09 May 2019 08:17:56 GMT" time="47.050" errors="0">
  <testcase name="validateProductsPageTitle" time="22.629" classname="com.SpringSeven.qa.testcases.productsPageTest"/>
  <testcase name="validateProductsPageBlankPassword" time="24.421" classname="com.SpringSeven.qa.testcases.productsPageTest"/>
</testsuite> <!-- com.SpringSeven.qa.testcases.productsPageTest -->
