<?xml version="1.0" encoding="UTF-8"?>
<!-- Generated by org.testng.reporters.JUnitReportReporter -->
<testsuite skipped="0" hostname="jarcibal-VirtualBox" name="com.SpringSeven.qa.testcases.loginPageTest" tests="10" failures="0" timestamp="30 May 2019 06:22:26 GMT" time="104.166" errors="0">
  <testcase name="validateFailedLoginWorks" time="8.097" classname="com.SpringSeven.qa.testcases.loginPageTest"/>
  <testcase name="validateFailedLoginIncorrectUN" time="10.926" classname="com.SpringSeven.qa.testcases.loginPageTest"/>
  <testcase name="validateLoginErrorMessageBlankPasswordThree" time="8.535" classname="com.SpringSeven.qa.testcases.loginPageTest"/>
  <testcase name="validateLoginErrorMessageBlankPasswordTwo" time="14.492" classname="com.SpringSeven.qa.testcases.loginPageTest"/>
  <testcase name="validateLoginWorksTwo" time="15.758" classname="com.SpringSeven.qa.testcases.loginPageTest"/>
  <testcase name="validateLoginErrorMessageBlankUsernameOne" time="8.671" classname="com.SpringSeven.qa.testcases.loginPageTest"/>
  <testcase name="validateFailedLoginIncorrectPWOne" time="10.481" classname="com.SpringSeven.qa.testcases.loginPageTest"/>
  <testcase name="validateLoginErrorMessageBlankPasswordOne" time="7.216" classname="com.SpringSeven.qa.testcases.loginPageTest"/>
  <testcase name="validateLoginPageTitle" time="8.116" classname="com.SpringSeven.qa.testcases.loginPageTest"/>
  <testcase name="validateLoginWorksOne" time="11.874" classname="com.SpringSeven.qa.testcases.loginPageTest"/>
</testsuite> <!-- com.SpringSeven.qa.testcases.loginPageTest -->
