<?xml version="1.0" encoding="UTF-8"?>
<!-- Generated by org.testng.reporters.JUnitReportReporter -->
<testsuite skipped="0" hostname="jarcibal-VirtualBox" name="com.SpringSeven.qa.testcases.loginPageTest" tests="10" failures="0" timestamp="09 Jun 2019 23:29:02 GMT" time="172.402" errors="0">
  <testcase name="validateFailedLoginIncorrectPWOne" time="17.068" classname="com.SpringSeven.qa.testcases.loginPageTest"/>
  <testcase name="validateLoginErrorMessageBlankUsernameOne" time="14.918" classname="com.SpringSeven.qa.testcases.loginPageTest"/>
  <testcase name="validateFailedLoginWorks" time="17.437" classname="com.SpringSeven.qa.testcases.loginPageTest"/>
  <testcase name="validateLoginErrorMessageBlankPasswordOne" time="15.794" classname="com.SpringSeven.qa.testcases.loginPageTest"/>
  <testcase name="validateLoginPageTitle" time="14.395" classname="com.SpringSeven.qa.testcases.loginPageTest"/>
  <testcase name="validateLoginErrorMessageBlankPasswordTwo" time="16.666" classname="com.SpringSeven.qa.testcases.loginPageTest"/>
  <testcase name="validateLoginWorksTwo" time="17.690" classname="com.SpringSeven.qa.testcases.loginPageTest"/>
  <testcase name="validateFailedLoginIncorrectUN" time="18.801" classname="com.SpringSeven.qa.testcases.loginPageTest"/>
  <testcase name="validateLoginErrorMessageBlankPasswordThree" time="19.910" classname="com.SpringSeven.qa.testcases.loginPageTest"/>
  <testcase name="validateLoginWorksOne" time="19.723" classname="com.SpringSeven.qa.testcases.loginPageTest"/>
</testsuite> <!-- com.SpringSeven.qa.testcases.loginPageTest -->
