<?xml version="1.0" encoding="UTF-8"?>
<!-- Generated by org.testng.reporters.JUnitReportReporter -->
<testsuite skipped="0" hostname="DESKTOP-QVCE6JK" name="com.SpringSeven.qa.testcases.changeMobileNumberPageTest" tests="1" failures="0" timestamp="18 Feb 2019 01:50:12 GMT" time="21.141" errors="0">
  <testcase name="validateChangeMobilePageTitle" time="21.141" classname="com.SpringSeven.qa.testcases.changeMobileNumberPageTest"/>
</testsuite> <!-- com.SpringSeven.qa.testcases.changeMobileNumberPageTest -->
