<?xml version="1.0" encoding="UTF-8"?>
<!-- Generated by org.testng.reporters.JUnitReportReporter -->
<testsuite skipped="0" hostname="jarcibal-VirtualBox" name="com.SpringSeven.qa.testcases.changePasswordPageTest" tests="13" failures="0" timestamp="10 Jun 2019 06:14:15 GMT" time="438.538" errors="0">
  <testcase name="validateChangePasswordTitle" time="24.423" classname="com.SpringSeven.qa.testcases.changePasswordPageTest"/>
  <testcase name="validateNoCurrentPW" time="28.338" classname="com.SpringSeven.qa.testcases.changePasswordPageTest"/>
  <testcase name="validateNoNewPassword" time="40.706" classname="com.SpringSeven.qa.testcases.changePasswordPageTest"/>
  <testcase name="validateNoNewPWTwo" time="40.349" classname="com.SpringSeven.qa.testcases.changePasswordPageTest"/>
  <testcase name="validateNoNewPW" time="28.268" classname="com.SpringSeven.qa.testcases.changePasswordPageTest"/>
  <testcase name="validateNoConfirmPWTwo" time="34.334" classname="com.SpringSeven.qa.testcases.changePasswordPageTest"/>
  <testcase name="validatePWRankingBad" time="29.694" classname="com.SpringSeven.qa.testcases.changePasswordPageTest"/>
  <testcase name="validateNoConfirmPW" time="37.537" classname="com.SpringSeven.qa.testcases.changePasswordPageTest"/>
  <testcase name="validateIncorrectCurrentPW" time="31.141" classname="com.SpringSeven.qa.testcases.changePasswordPageTest"/>
  <testcase name="validatePWRankinStrong" time="33.325" classname="com.SpringSeven.qa.testcases.changePasswordPageTest"/>
  <testcase name="validatePWRankingWorst" time="35.991" classname="com.SpringSeven.qa.testcases.changePasswordPageTest"/>
  <testcase name="validatePWRankinGood" time="34.386" classname="com.SpringSeven.qa.testcases.changePasswordPageTest"/>
  <testcase name="validateIncorrectNewCurrentPW" time="40.046" classname="com.SpringSeven.qa.testcases.changePasswordPageTest"/>
</testsuite> <!-- com.SpringSeven.qa.testcases.changePasswordPageTest -->
