<?xml version="1.0" encoding="UTF-8"?>
<!-- Generated by org.testng.reporters.JUnitReportReporter -->
<testsuite skipped="0" hostname="jarcibal-VirtualBox" name="com.SpringSeven.qa.testcases.editProfilePageTest" tests="1" failures="0" timestamp="03 May 2019 05:31:10 GMT" time="29.434" errors="0">
  <testcase name="validateEditProfilePageTitle" time="29.434" classname="com.SpringSeven.qa.testcases.editProfilePageTest"/>
</testsuite> <!-- com.SpringSeven.qa.testcases.editProfilePageTest -->
