<?xml version="1.0" encoding="UTF-8"?>
<!-- Generated by org.testng.reporters.JUnitReportReporter -->
<testsuite skipped="0" hostname="jarcibal-VirtualBox" name="com.SpringSeven.qa.testcases.forgotPasswordPageTest" tests="9" failures="0" timestamp="14 May 2019 06:27:03 GMT" time="132.825" errors="0">
  <testcase name="validateWorkingEmail" time="14.890" classname="com.SpringSeven.qa.testcases.forgotPasswordPageTest"/>
  <testcase name="validateBlankOTP" time="14.664" classname="com.SpringSeven.qa.testcases.forgotPasswordPageTest"/>
  <testcase name="validateNoEmail" time="15.577" classname="com.SpringSeven.qa.testcases.forgotPasswordPageTest"/>
  <testcase name="validateNonExistingEmail" time="13.765" classname="com.SpringSeven.qa.testcases.forgotPasswordPageTest"/>
  <testcase name="validateInvalidOTPOne" time="16.246" classname="com.SpringSeven.qa.testcases.forgotPasswordPageTest"/>
  <testcase name="validateFpwPageTitle" time="12.698" classname="com.SpringSeven.qa.testcases.forgotPasswordPageTest"/>
  <testcase name="validateUsernameNotEMail" time="15.751" classname="com.SpringSeven.qa.testcases.forgotPasswordPageTest"/>
  <testcase name="validateIncorrectFormat" time="13.341" classname="com.SpringSeven.qa.testcases.forgotPasswordPageTest"/>
  <testcase name="validateInvalidOTPtWO" time="15.893" classname="com.SpringSeven.qa.testcases.forgotPasswordPageTest"/>
</testsuite> <!-- com.SpringSeven.qa.testcases.forgotPasswordPageTest -->
