<?xml version="1.0" encoding="UTF-8"?>
<!-- Generated by org.testng.reporters.JUnitReportReporter -->
<testsuite skipped="0" hostname="jarcibal-VirtualBox" name="com.SpringSeven.qa.testcases.changePasswordPageTest" tests="13" failures="0" timestamp="03 May 2019 05:31:10 GMT" time="446.983" errors="0">
  <testcase name="validatePWRankinStrong" time="32.934" classname="com.SpringSeven.qa.testcases.changePasswordPageTest"/>
  <testcase name="validateNoNewPWTwo" time="33.373" classname="com.SpringSeven.qa.testcases.changePasswordPageTest"/>
  <testcase name="validateNoConfirmPWTwo" time="38.239" classname="com.SpringSeven.qa.testcases.changePasswordPageTest"/>
  <testcase name="validateIncorrectNewCurrentPW" time="32.176" classname="com.SpringSeven.qa.testcases.changePasswordPageTest"/>
  <testcase name="validatePWRankingBad" time="49.331" classname="com.SpringSeven.qa.testcases.changePasswordPageTest"/>
  <testcase name="validateNoNewPW" time="28.046" classname="com.SpringSeven.qa.testcases.changePasswordPageTest"/>
  <testcase name="validateNoNewPassword" time="43.616" classname="com.SpringSeven.qa.testcases.changePasswordPageTest"/>
  <testcase name="validatePWRankingWorst" time="32.704" classname="com.SpringSeven.qa.testcases.changePasswordPageTest"/>
  <testcase name="validateChangePasswordTitle" time="24.958" classname="com.SpringSeven.qa.testcases.changePasswordPageTest"/>
  <testcase name="validateNoCurrentPW" time="33.326" classname="com.SpringSeven.qa.testcases.changePasswordPageTest"/>
  <testcase name="validatePWRankinGood" time="34.850" classname="com.SpringSeven.qa.testcases.changePasswordPageTest"/>
  <testcase name="validateNoConfirmPW" time="34.494" classname="com.SpringSeven.qa.testcases.changePasswordPageTest"/>
  <testcase name="validateIncorrectCurrentPW" time="28.936" classname="com.SpringSeven.qa.testcases.changePasswordPageTest"/>
</testsuite> <!-- com.SpringSeven.qa.testcases.changePasswordPageTest -->
