<?xml version="1.0" encoding="UTF-8"?>
<!-- Generated by org.testng.reporters.JUnitReportReporter -->
<testsuite skipped="0" hostname="jarcibal-VirtualBox" name="com.SpringSeven.qa.testcases.profilePageTest" tests="6" failures="0" timestamp="09 May 2019 08:17:56 GMT" time="143.208" errors="0">
  <testcase name="validateProfilePageTitle" time="22.215" classname="com.SpringSeven.qa.testcases.profilePageTest"/>
  <testcase name="validateReferralExistingEmail" time="22.872" classname="com.SpringSeven.qa.testcases.profilePageTest"/>
  <testcase name="validateReferralLinkElevenEmail" time="24.446" classname="com.SpringSeven.qa.testcases.profilePageTest"/>
  <testcase name="validateReferralOwnEmail" time="22.823" classname="com.SpringSeven.qa.testcases.profilePageTest"/>
  <testcase name="validateReferralLinkIncorrectFormat" time="23.629" classname="com.SpringSeven.qa.testcases.profilePageTest"/>
  <testcase name="validateReferralLinkDuplicateEmail" time="27.223" classname="com.SpringSeven.qa.testcases.profilePageTest"/>
</testsuite> <!-- com.SpringSeven.qa.testcases.profilePageTest -->
