<?xml version="1.0" encoding="UTF-8"?>
<!-- Generated by org.testng.reporters.JUnitReportReporter -->
<testsuite skipped="0" hostname="jarcibal-VirtualBox" name="com.SpringSeven.qa.testcases.enrollmentTreePageTest" tests="1" failures="0" timestamp="09 May 2019 08:17:56 GMT" time="19.717" errors="0">
  <testcase name="validateEnrollmentTreePageTitle" time="19.717" classname="com.SpringSeven.qa.testcases.enrollmentTreePageTest"/>
</testsuite> <!-- com.SpringSeven.qa.testcases.enrollmentTreePageTest -->
