<?xml version="1.0" encoding="UTF-8"?>
<!-- Generated by org.testng.reporters.JUnitReportReporter -->
<testsuite skipped="0" hostname="jarcibal-VirtualBox" name="com.SpringSeven.qa.testcases.changeMobileNumberPageTest" tests="1" failures="0" timestamp="12 Jun 2019 12:44:28 GMT" time="26.869" errors="0">
  <testcase name="validateChangeMobileNumberInvalidOTPtWO" time="26.869" classname="com.SpringSeven.qa.testcases.changeMobileNumberPageTest"/>
</testsuite> <!-- com.SpringSeven.qa.testcases.changeMobileNumberPageTest -->
