<?xml version="1.0" encoding="UTF-8"?>
<!-- Generated by org.testng.reporters.JUnitReportReporter -->
<testsuite skipped="0" hostname="jarcibal-VirtualBox" name="com.SpringSeven.qa.testcases.changeEmailAddressPageTest" tests="1" failures="0" timestamp="03 May 2019 01:58:49 GMT" time="17.773" errors="0">
  <testcase name="validateChangeEmailPageTitle" time="17.773" classname="com.SpringSeven.qa.testcases.changeEmailAddressPageTest"/>
</testsuite> <!-- com.SpringSeven.qa.testcases.changeEmailAddressPageTest -->
