<?xml version="1.0" encoding="UTF-8"?>
<!-- Generated by org.testng.reporters.JUnitReportReporter -->
<testsuite skipped="0" hostname="jarcibal-VirtualBox" name="com.SpringSeven.qa.testcases.changeEmailAddressPageTest" tests="1" failures="0" timestamp="09 May 2019 08:28:44 GMT" time="24.300" errors="0">
  <testcase name="validateChangeEmailPageTitle" time="24.300" classname="com.SpringSeven.qa.testcases.changeEmailAddressPageTest"/>
</testsuite> <!-- com.SpringSeven.qa.testcases.changeEmailAddressPageTest -->
