<?xml version="1.0" encoding="UTF-8"?>
<!-- Generated by org.testng.reporters.JUnitReportReporter -->
<testsuite skipped="0" hostname="DESKTOP-QVCE6JK" name="com.SpringSeven.qa.testcases.changeEmailAddressPageTest" tests="1" failures="0" timestamp="18 Feb 2019 01:49:03 GMT" time="64.800" errors="0">
  <testcase name="validateChangeEmailPageTitle" time="64.800" classname="com.SpringSeven.qa.testcases.changeEmailAddressPageTest"/>
</testsuite> <!-- com.SpringSeven.qa.testcases.changeEmailAddressPageTest -->
