<?xml version="1.0" encoding="UTF-8"?>
<!-- Generated by org.testng.reporters.JUnitReportReporter -->
<testsuite skipped="0" hostname="jarcibal-VirtualBox" name="com.SpringSeven.qa.testcases.completeRegistrationTest" tests="15" failures="0" timestamp="09 May 2019 06:56:58 GMT" time="625.996" errors="0">
  <testcase name="validateBlankDOB" time="38.725" classname="com.SpringSeven.qa.testcases.completeRegistrationTest"/>
  <testcase name="validateProperInfoOne" time="60.067" classname="com.SpringSeven.qa.testcases.completeRegistrationTest"/>
  <testcase name="validateBlankUsername" time="45.516" classname="com.SpringSeven.qa.testcases.completeRegistrationTest"/>
  <testcase name="validateBlankFirstName" time="34.612" classname="com.SpringSeven.qa.testcases.completeRegistrationTest"/>
  <testcase name="validateBlankLastName" time="36.881" classname="com.SpringSeven.qa.testcases.completeRegistrationTest"/>
  <testcase name="validateCompleteRegistrationPageTitle" time="32.526" classname="com.SpringSeven.qa.testcases.completeRegistrationTest"/>
  <testcase name="validateBlankIDType" time="43.568" classname="com.SpringSeven.qa.testcases.completeRegistrationTest"/>
  <testcase name="validateOverage" time="45.255" classname="com.SpringSeven.qa.testcases.completeRegistrationTest"/>
  <testcase name="validateExistingUsername" time="43.649" classname="com.SpringSeven.qa.testcases.completeRegistrationTest"/>
  <testcase name="validateBlankImage" time="38.935" classname="com.SpringSeven.qa.testcases.completeRegistrationTest"/>
  <testcase name="validateInvalidDOBTwo" time="38.891" classname="com.SpringSeven.qa.testcases.completeRegistrationTest"/>
  <testcase name="validateBelow18" time="38.137" classname="com.SpringSeven.qa.testcases.completeRegistrationTest"/>
  <testcase name="validateUniqueUsername" time="46.821" classname="com.SpringSeven.qa.testcases.completeRegistrationTest"/>
  <testcase name="validateInvalidDOBThree" time="38.825" classname="com.SpringSeven.qa.testcases.completeRegistrationTest"/>
  <testcase name="validateInvalidDOBOne" time="43.588" classname="com.SpringSeven.qa.testcases.completeRegistrationTest"/>
</testsuite> <!-- com.SpringSeven.qa.testcases.completeRegistrationTest -->
