<?xml version="1.0" encoding="UTF-8"?>
<!-- Generated by org.testng.reporters.JUnitReportReporter -->
<testsuite skipped="0" hostname="jarcibal-VirtualBox" name="com.SpringSeven.qa.testcases.binaryTreePageTest" tests="3" failures="0" timestamp="16 May 2019 06:44:06 GMT" time="74.016" errors="0">
  <testcase name="validateBinaryTreePageTitle" time="20.884" classname="com.SpringSeven.qa.testcases.binaryTreePageTest"/>
  <testcase name="validateBinaryTreeUsername" time="22.874" classname="com.SpringSeven.qa.testcases.binaryTreePageTest"/>
  <testcase name="validateBlankTextonAdd" time="30.258" classname="com.SpringSeven.qa.testcases.binaryTreePageTest"/>
</testsuite> <!-- com.SpringSeven.qa.testcases.binaryTreePageTest -->
