<?xml version="1.0" encoding="UTF-8"?>
<!-- Generated by org.testng.reporters.JUnitReportReporter -->
<testsuite skipped="0" hostname="jarcibal-VirtualBox" name="com.SpringSeven.qa.testcases.homePageTest" tests="4" failures="0" timestamp="03 May 2019 01:58:49 GMT" time="105.285" errors="0">
  <testcase name="verifyHomepageHeader" time="29.183" classname="com.SpringSeven.qa.testcases.homePageTest"/>
  <testcase name="verifySwapooHeaderIcon" time="19.623" classname="com.SpringSeven.qa.testcases.homePageTest"/>
  <testcase name="verifySwapooFooterIcon" time="30.664" classname="com.SpringSeven.qa.testcases.homePageTest"/>
  <testcase name="verifyLogout" time="25.815" classname="com.SpringSeven.qa.testcases.homePageTest"/>
</testsuite> <!-- com.SpringSeven.qa.testcases.homePageTest -->
