<?xml version="1.0" encoding="UTF-8"?>
<!-- Generated by org.testng.reporters.JUnitReportReporter -->
<testsuite skipped="0" hostname="jarcibal-VirtualBox" name="com.SpringSeven.qa.testcases.setupSecurityQuestionsPageTest" tests="4" failures="0" timestamp="20 May 2019 03:04:21 GMT" time="100.904" errors="0">
  <testcase name="validateNotCurrentPW" time="30.953" classname="com.SpringSeven.qa.testcases.setupSecurityQuestionsPageTest"/>
  <testcase name="validateCorrectCurrentPW" time="23.316" classname="com.SpringSeven.qa.testcases.setupSecurityQuestionsPageTest"/>
  <testcase name="validateIncorrectCurrentPW" time="23.226" classname="com.SpringSeven.qa.testcases.setupSecurityQuestionsPageTest"/>
  <testcase name="validatesetupSecurityQuestionsPageTitle" time="23.409" classname="com.SpringSeven.qa.testcases.setupSecurityQuestionsPageTest"/>
</testsuite> <!-- com.SpringSeven.qa.testcases.setupSecurityQuestionsPageTest -->
