<?xml version="1.0" encoding="UTF-8"?>
<!-- Generated by org.testng.reporters.JUnitReportReporter -->
<testsuite skipped="0" hostname="jarcibal-VirtualBox" name="com.SpringSeven.qa.testcases.homePageTest" tests="4" failures="0" timestamp="03 May 2019 06:27:29 GMT" time="96.207" errors="0">
  <testcase name="verifySwapooHeaderIcon" time="26.327" classname="com.SpringSeven.qa.testcases.homePageTest"/>
  <testcase name="verifyHomepageHeader" time="24.640" classname="com.SpringSeven.qa.testcases.homePageTest"/>
  <testcase name="verifyLogout" time="23.136" classname="com.SpringSeven.qa.testcases.homePageTest"/>
  <testcase name="verifySwapooFooterIcon" time="22.104" classname="com.SpringSeven.qa.testcases.homePageTest"/>
</testsuite> <!-- com.SpringSeven.qa.testcases.homePageTest -->
