<?xml version="1.0" encoding="UTF-8"?>
<!-- Generated by org.testng.reporters.JUnitReportReporter -->
<testsuite skipped="0" hostname="jarcibal-VirtualBox" name="com.SpringSeven.qa.testcases.settingsPageTest" tests="3" failures="0" timestamp="06 May 2019 01:48:04 GMT" time="80.016" errors="0">
  <testcase name="validateSettingsPageTitle" time="21.826" classname="com.SpringSeven.qa.testcases.settingsPageTest"/>
  <testcase name="validateReportAccountBlankPassword" time="35.263" classname="com.SpringSeven.qa.testcases.settingsPageTest"/>
  <testcase name="validateReportAccountIncorrectPassword" time="22.927" classname="com.SpringSeven.qa.testcases.settingsPageTest"/>
</testsuite> <!-- com.SpringSeven.qa.testcases.settingsPageTest -->
