<?xml version="1.0" encoding="UTF-8"?>
<!-- Generated by org.testng.reporters.JUnitReportReporter -->
<testsuite skipped="0" hostname="jarcibal-VirtualBox" name="com.SpringSeven.qa.testcases.editProfilePageTest" tests="1" failures="0" timestamp="14 Jun 2019 08:34:12 GMT" time="40.536" errors="0">
  <testcase name="validateEditProfileUpdateName" time="40.536" classname="com.SpringSeven.qa.testcases.editProfilePageTest"/>
</testsuite> <!-- com.SpringSeven.qa.testcases.editProfilePageTest -->
