<?xml version="1.0" encoding="UTF-8"?>
<!-- Generated by org.testng.reporters.JUnitReportReporter -->
<testsuite skipped="0" hostname="jarcibal-VirtualBox" name="com.SpringSeven.qa.testcases.initialPageTest" tests="2" failures="0" timestamp="09 Jun 2019 23:20:22 GMT" time="33.848" errors="0">
  <testcase name="validateCorrectPageForLogin" time="16.885" classname="com.SpringSeven.qa.testcases.initialPageTest"/>
  <testcase name="validateLoginLinkOnLogin" time="16.963" classname="com.SpringSeven.qa.testcases.initialPageTest"/>
</testsuite> <!-- com.SpringSeven.qa.testcases.initialPageTest -->
