<?xml version="1.0" encoding="UTF-8"?>
<!-- Generated by org.testng.reporters.JUnitReportReporter -->
<testsuite skipped="0" hostname="jarcibal-VirtualBox" name="com.SpringSeven.qa.testcases.forgotPasswordPageTest" tests="9" failures="0" timestamp="20 May 2019 02:25:24 GMT" time="137.337" errors="0">
  <testcase name="validateBlankOTP" time="23.686" classname="com.SpringSeven.qa.testcases.forgotPasswordPageTest"/>
  <testcase name="validateInvalidOTPOne" time="15.814" classname="com.SpringSeven.qa.testcases.forgotPasswordPageTest"/>
  <testcase name="validateInvalidOTPtWO" time="14.806" classname="com.SpringSeven.qa.testcases.forgotPasswordPageTest"/>
  <testcase name="validateWorkingEmail" time="17.154" classname="com.SpringSeven.qa.testcases.forgotPasswordPageTest"/>
  <testcase name="validateNonExistingEmail" time="13.813" classname="com.SpringSeven.qa.testcases.forgotPasswordPageTest"/>
  <testcase name="validateFpwPageTitle" time="11.239" classname="com.SpringSeven.qa.testcases.forgotPasswordPageTest"/>
  <testcase name="validateNoEmail" time="12.725" classname="com.SpringSeven.qa.testcases.forgotPasswordPageTest"/>
  <testcase name="validateIncorrectFormat" time="11.163" classname="com.SpringSeven.qa.testcases.forgotPasswordPageTest"/>
  <testcase name="validateUsernameNotEMail" time="16.937" classname="com.SpringSeven.qa.testcases.forgotPasswordPageTest"/>
</testsuite> <!-- com.SpringSeven.qa.testcases.forgotPasswordPageTest -->
