<?xml version="1.0" encoding="UTF-8"?>
<!-- Generated by org.testng.reporters.JUnitReportReporter -->
<testsuite skipped="0" hostname="jarcibal-VirtualBox" name="com.SpringSeven.qa.testcases.forgotPasswordPageTest" tests="9" failures="0" timestamp="04 Jun 2019 03:06:49 GMT" time="172.186" errors="0">
  <testcase name="validateFpwPageTitle" time="15.131" classname="com.SpringSeven.qa.testcases.forgotPasswordPageTest"/>
  <testcase name="validateInvalidOTPtWO" time="22.136" classname="com.SpringSeven.qa.testcases.forgotPasswordPageTest"/>
  <testcase name="validateUsernameNotEMail" time="15.621" classname="com.SpringSeven.qa.testcases.forgotPasswordPageTest"/>
  <testcase name="validateInvalidOTPOne" time="28.702" classname="com.SpringSeven.qa.testcases.forgotPasswordPageTest"/>
  <testcase name="validateIncorrectFormat" time="24.259" classname="com.SpringSeven.qa.testcases.forgotPasswordPageTest"/>
  <testcase name="validateNonExistingEmail" time="16.438" classname="com.SpringSeven.qa.testcases.forgotPasswordPageTest"/>
  <testcase name="validateWorkingEmail" time="16.377" classname="com.SpringSeven.qa.testcases.forgotPasswordPageTest"/>
  <testcase name="validateNoEmail" time="15.462" classname="com.SpringSeven.qa.testcases.forgotPasswordPageTest"/>
  <testcase name="validateBlankOTP" time="18.060" classname="com.SpringSeven.qa.testcases.forgotPasswordPageTest"/>
</testsuite> <!-- com.SpringSeven.qa.testcases.forgotPasswordPageTest -->
