<?xml version="1.0" encoding="UTF-8"?>
<!-- Generated by org.testng.reporters.JUnitReportReporter -->
<testsuite skipped="0" hostname="jarcibal-VirtualBox" name="com.SpringSeven.qa.testcases.homePageTest" tests="4" failures="0" timestamp="20 May 2019 02:38:58 GMT" time="91.841" errors="0">
  <testcase name="verifyHomepageHeader" time="24.874" classname="com.SpringSeven.qa.testcases.homePageTest"/>
  <testcase name="verifySwapooFooterIcon" time="30.385" classname="com.SpringSeven.qa.testcases.homePageTest"/>
  <testcase name="verifySwapooHeaderIcon" time="16.336" classname="com.SpringSeven.qa.testcases.homePageTest"/>
  <testcase name="verifyLogout" time="20.246" classname="com.SpringSeven.qa.testcases.homePageTest"/>
</testsuite> <!-- com.SpringSeven.qa.testcases.homePageTest -->
