<?xml version="1.0" encoding="UTF-8"?>
<!-- Generated by org.testng.reporters.JUnitReportReporter -->
<testsuite skipped="0" hostname="2d59e82fe376" name="com.SpringSeven.qa.testcases.initialPageTest" tests="2" failures="0" timestamp="10 Mar 2019 22:51:16 GMT" time="75.482" errors="0">
  <testcase name="validateLoginLinkOnLogin" time="25.289" classname="com.SpringSeven.qa.testcases.initialPageTest"/>
  <testcase name="validateCorrectPageForLogin" time="50.193" classname="com.SpringSeven.qa.testcases.initialPageTest"/>
</testsuite> <!-- com.SpringSeven.qa.testcases.initialPageTest -->
